12:27:15.801 [main                     ] DEBUG Logger               - Configured Logger
12:27:15.852 [main                     ] DEBUG GameApplication      - Logging settings
Title: Renewables
Version: 0.0.1
Width: 1000
Height: 563
Fullscreen: false
Intro: false
Profiling: false
Single step:false
App Mode: DEVELOPER
Menu Key: ESCAPE
Stage Style: DECORATED
Scene Factory: class com.example.renewables.RenewablesGame$initSettings$1

12:27:16.180 [JavaFX Application Thread] DEBUG FXGLApplication      - Initializing FXGL
12:27:16.192 [JavaFX Application Thread] INFO  Engine               - FXGL-17 (31.12.2021 18.16) on LINUX (J:17.0.3 FX:17.0.1)
12:27:16.193 [JavaFX Application Thread] DEBUG Engine               - JRE Vendor Name: Private Build
12:27:16.193 [JavaFX Application Thread] DEBUG Engine               - Running on OS: Linux version 5.13.0-52-generic
12:27:16.194 [JavaFX Application Thread] DEBUG Engine               - Architecture: amd64
12:27:16.194 [JavaFX Application Thread] INFO  Engine               - Source code and latest versions at: https://github.com/AlmasB/FXGL
12:27:16.194 [JavaFX Application Thread] INFO  Engine               -       Ask questions and discuss at: https://github.com/AlmasB/FXGL/discussions
12:27:16.194 [JavaFX Application Thread] INFO  Engine               -              Join the FXGL chat at: https://gitter.im/AlmasB/FXGL
12:27:16.337 [JavaFX Application Thread] DEBUG PrimaryStageWindow   - Creating a JavaFX scene
12:27:16.451 [JavaFX Application Thread] DEBUG PrimaryStageWindow   - Target settings size: 1000.0 x 563.0
12:27:16.452 [JavaFX Application Thread] DEBUG PrimaryStageWindow   - Scaled scene size:    1000.0 x 563.0
12:27:16.452 [JavaFX Application Thread] DEBUG PrimaryStageWindow   - Scaled ratio: (1.0, 1.0)
12:27:16.453 [JavaFX Application Thread] DEBUG PrimaryStageWindow   - Set initial scene to FXGLStartupScene
12:27:16.461 [JavaFX Application Thread] DEBUG PrimaryStageWindow   - Opening main window
12:27:16.515 [JavaFX Application Thread] DEBUG PrimaryStageWindow   - Window border size: (1.0, 14.5)
12:27:16.516 [JavaFX Application Thread] DEBUG PrimaryStageWindow   - Scaled size: 1000.0 x 563.0
12:27:16.516 [JavaFX Application Thread] DEBUG PrimaryStageWindow   - Scaled ratio: (1.0, 1.0)
12:27:16.516 [JavaFX Application Thread] DEBUG PrimaryStageWindow   - Scene size: 1000.0 x 563.0
12:27:16.517 [JavaFX Application Thread] DEBUG PrimaryStageWindow   - Stage size: 1001.0 x 577.5
12:27:16.532 [FXGL Background Thread 1 ] DEBUG Engine               - Initializing environment variables
12:27:16.585 [FXGL Background Thread 1 ] DEBUG FXGLAssetLoaderServi - User app class for loading assets: class com.example.renewables.RenewablesGame
12:27:16.585 [FXGL Background Thread 1 ] DEBUG GameApplicationServi - Applying CSS: fxgl_dark.css
12:27:16.587 [FXGL Background Thread 1 ] DEBUG FXGLAssetLoaderServi - Loading from file system: jar:file:///home/macnux/.m2/repository/com/github/almasb/fxgl/17/fxgl-17.jar!/fxglassets/ui/css/fxgl_dark.css
12:27:16.745 [FXGL Background Thread 1 ] DEBUG GameApplicationServi - Initializing application scenes
12:27:16.851 [FXGL Background Thread 1 ] DEBUG GameWorld            - Game world initialized
12:27:16.927 [FXGL Background Thread 1 ] DEBUG PhysicsWorld         - Physics world initialized: appHeight=563, physics.ppm=50.0
12:27:16.928 [FXGL Background Thread 1 ] DEBUG PhysicsWorld         - Using strategy: BRUTE_FORCE
12:27:16.934 [FXGL Background Thread 1 ] DEBUG GameScene            - Game scene initialized: 1000x563
12:27:16.938 [FXGL Background Thread 1 ] WARN  FXGLAssetLoaderServi - Asset "/assets/textures/menu-background.png" was not found!
12:27:16.944 [FXGL Background Thread 1 ] WARN  FXGLAssetLoaderServi - Failed to load RESIZABLE_IMAGE
12:27:17.030 [FXGL Background Thread 1 ] WARN  FXGL.DefaultMenu     - FXGLDefaultMenu is not designed for resolutions < 800x600
12:27:17.031 [FXGL Background Thread 1 ] DEBUG FXGL.DefaultMenu     - createMenuBodyGameMenu()
12:27:17.044 [FXGL Background Thread 1 ] DEBUG FXGL.DefaultMenu     - createOptionsMenu()
12:27:17.056 [FXGL Background Thread 1 ] DEBUG FXGLAssetLoaderServi - Loading from file system: jar:file:///home/macnux/.m2/repository/com/github/almasb/fxgl/17/fxgl-17.jar!/fxglassets/textures/particles/smoke.png
12:27:17.246 [FXGL Background Thread 1 ] DEBUG FXGLAssetLoaderServi - Loading from file system: jar:file:///home/macnux/.m2/repository/com/github/almasb/fxgl/17/fxgl-17.jar!/fxglassets/textures/particles/trace_horizontal.png
12:27:17.309 [FXGL Background Thread 1 ] DEBUG GameApplicationServi - Application scenes initialized
12:27:17.329 [FXGL Background Thread 1 ] DEBUG SystemBundleService  - Loading FXGL system data
12:27:17.337 [FXGL Background Thread 1 ] DEBUG FileSystemAccess     - Reading from: /home/macnux/studium/ooad/renewables/system/fxgl.bundle
12:27:17.350 [FXGL Background Thread 1 ] DEBUG SystemBundleService  - Bundle FXGL: {}
12:27:17.350 [FXGL Background Thread 1 ] DEBUG UpdaterService       - Checking for updates
12:27:17.362 [FXGL Background Thread 4 ] DEBUG FXGLApplication      - Loading fonts
12:27:17.362 [FXGL Background Thread 1 ] DEBUG FXGLApplication      - Loading default localization
12:27:17.367 [FXGL Background Thread 4 ] DEBUG FXGLAssetLoaderServi - Loading from file system: jar:file:///home/macnux/.m2/repository/com/github/almasb/fxgl/17/fxgl-17.jar!/fxglassets/ui/fonts/VarelaRound-Regular.ttf
12:27:17.363 [FXGL Background Thread 1 ] DEBUG FXGLAssetLoaderServi - Loading from file system: jar:file:///home/macnux/.m2/repository/com/github/almasb/fxgl/17/fxgl-17.jar!/fxglassets/languages/english.lang
12:27:17.375 [FXGL Background Thread 4 ] DEBUG FXGLAssetLoaderServi - Loading from file system: jar:file:///home/macnux/.m2/repository/com/github/almasb/fxgl/17/fxgl-17.jar!/fxglassets/ui/fonts/Abel-Regular.ttf
12:27:17.390 [FXGL Background Thread 4 ] DEBUG FXGLAssetLoaderServi - Loading from file system: jar:file:///home/macnux/.m2/repository/com/github/almasb/fxgl/17/fxgl-17.jar!/fxglassets/ui/fonts/TerminalLandMono-Regular.otf
12:27:17.401 [FXGL Background Thread 4 ] DEBUG FXGLAssetLoaderServi - Loading from file system: jar:file:///home/macnux/.m2/repository/com/github/almasb/fxgl/17/fxgl-17.jar!/fxglassets/ui/fonts/Courier-Prime.ttf
12:27:17.403 [FXGL Background Thread 1 ] INFO  FXGLApplication      - FXGL initialization took: 0.871 sec
12:27:17.411 [JavaFX Application Thread] DEBUG FXGLAssetLoaderServi - Loading from file system: jar:file:///home/macnux/.m2/repository/com/github/almasb/fxgl/17/fxgl-17.jar!/fxglassets/textures/fxgl_icon.png
12:27:17.454 [JavaFX Application Thread] DEBUG FXGLAssetLoaderServi - Loading from file system: jar:file:///home/macnux/.m2/repository/com/github/almasb/fxgl/17/fxgl-17.jar!/fxglassets/textures/fxgl_default_cursor.png
12:27:17.476 [JavaFX Application Thread] DEBUG Input                - Registered new binding: Screenshot - CTRL+8
12:27:17.477 [JavaFX Application Thread] DEBUG Input                - Registered new binding: System info dump - CTRL+9
12:27:17.478 [JavaFX Application Thread] DEBUG Input                - Registered new binding: Restart - CTRL+R
12:27:17.486 [JavaFX Application Thread] DEBUG Input                - Registered new binding: Toggle Debug Camera - CTRL+7
12:27:17.493 [JavaFX Application Thread] DEBUG LoopRunner           - Starting loop
12:27:17.494 [JavaFX Application Thread] DEBUG LoopRunner           - Initializing JavaFX AnimationTimerLoop
12:27:17.507 [JavaFX Application Thread] DEBUG Input                - Clearing active input actions
12:27:17.518 [JavaFX Application Thread] DEBUG GameApplicationServi - Removing overlay from FXGLStartupScene and adding to FXGLMainMenuDummyScene
12:27:17.520 [JavaFX Application Thread] DEBUG PrimaryStageWindow   - FXGLStartupScene -> FXGLMainMenuDummyScene
12:27:17.521 [JavaFX Application Thread] DEBUG PrimaryStageWindow   - Push state: RenewablesMainMenu
12:27:17.521 [JavaFX Application Thread] DEBUG Input                - Clearing active input actions
12:27:17.524 [JavaFX Application Thread] DEBUG GameApplicationServi - Removing overlay from FXGLMainMenuDummyScene and adding to RenewablesMainMenu
12:27:17.524 [JavaFX Application Thread] DEBUG PrimaryStageWindow   - FXGLMainMenuDummyScene -> RenewablesMainMenu
12:27:17.525 [JavaFX Application Thread] DEBUG FXGLApplication      - Registering font factories with UI factory
12:27:18.041 [FXGL Background Thread 2 ] INFO  UpdaterService       - Your current version:  17
12:27:18.041 [FXGL Background Thread 2 ] INFO  UpdaterService       - Latest stable version: 17.1
12:27:20.355 [FXGL Background Thread 3 ] DEBUG Engine               - Logging environment variables
12:27:20.356 [FXGL Background Thread 3 ] DEBUG Engine               - achievements: []
12:27:20.357 [FXGL Background Thread 3 ] DEBUG Engine               - actualHeight: 585.5
12:27:20.358 [FXGL Background Thread 3 ] DEBUG Engine               - actualHeightProperty: ReadOnlyDoubleProperty [value: 585.5]
12:27:20.358 [FXGL Background Thread 3 ] DEBUG Engine               - actualWidth: 999.0
12:27:20.358 [FXGL Background Thread 3 ] DEBUG Engine               - actualWidthProperty: ReadOnlyDoubleProperty [value: 999.0]
12:27:20.358 [FXGL Background Thread 3 ] DEBUG Engine               - appIcon: fxgl_icon.png
12:27:20.359 [FXGL Background Thread 3 ] DEBUG Engine               - applicationMode: DEVELOPER
12:27:20.359 [FXGL Background Thread 3 ] DEBUG Engine               - cSSList: [fxgl_dark.css]
12:27:20.360 [FXGL Background Thread 3 ] DEBUG Engine               - collisionDetectionStrategy: BRUTE_FORCE
12:27:20.360 [FXGL Background Thread 3 ] DEBUG Engine               - configClass: Optional.empty
12:27:20.360 [FXGL Background Thread 3 ] DEBUG Engine               - credits: []
12:27:20.361 [FXGL Background Thread 3 ] DEBUG Engine               - defaultCursor: CursorInfo(imageName=fxgl_default_cursor.png, hotspotX=7.0, hotspotY=6.0)
12:27:20.363 [FXGL Background Thread 3 ] DEBUG Engine               - devBBoxColorProperty: ObjectProperty [value: 0xff0000ff]
12:27:20.363 [FXGL Background Thread 3 ] DEBUG Engine               - devEnableDebugCameraProperty: BooleanProperty [value: false]
12:27:20.364 [FXGL Background Thread 3 ] DEBUG Engine               - devSensorColorProperty: ObjectProperty [value: 0xffff00ff]
12:27:20.364 [FXGL Background Thread 3 ] DEBUG Engine               - devShowBBoxProperty: BooleanProperty [value: false]
12:27:20.364 [FXGL Background Thread 3 ] DEBUG Engine               - devShowPositionProperty: BooleanProperty [value: false]
12:27:20.364 [FXGL Background Thread 3 ] DEBUG Engine               - enabledMenuItems: []
12:27:20.364 [FXGL Background Thread 3 ] DEBUG Engine               - engineServices: [class com.almasb.fxgl.app.services.FXGLAssetLoaderService, class com.almasb.fxgl.app.FXGLApplication$GameApplicationService, class com.almasb.fxgl.app.services.FXGLDialogService, class com.almasb.fxgl.app.services.IOTaskExecutorService, class com.almasb.fxgl.io.FileSystemService, class com.almasb.fxgl.localization.LocalizationService, class com.almasb.fxgl.app.services.SystemBundleService, class com.almasb.fxgl.profile.SaveLoadService, class com.almasb.fxgl.ui.FXGLUIFactoryServiceProvider, class com.almasb.fxgl.ui.FXGLDialogFactoryServiceProvider, class com.almasb.fxgl.audio.AudioPlayer, class com.almasb.fxgl.notification.impl.NotificationServiceProvider, class com.almasb.fxgl.achievement.AchievementService, class com.almasb.fxgl.cutscene.CutsceneService, class com.almasb.fxgl.minigames.MiniGameService, class com.almasb.fxgl.net.NetService, class com.almasb.fxgl.app.services.UpdaterService, class com.almasb.fxgl.dev.DevService]
12:27:20.365 [FXGL Background Thread 3 ] DEBUG Engine               - fontGame: Abel-Regular.ttf
12:27:20.365 [FXGL Background Thread 3 ] DEBUG Engine               - fontMono: TerminalLandMono-Regular.otf
12:27:20.365 [FXGL Background Thread 3 ] DEBUG Engine               - fontText: Courier-Prime.ttf
12:27:20.365 [FXGL Background Thread 3 ] DEBUG Engine               - fontUI: VarelaRound-Regular.ttf
12:27:20.366 [FXGL Background Thread 3 ] DEBUG Engine               - fullScreen: BooleanProperty [value: false]
12:27:20.366 [FXGL Background Thread 3 ] DEBUG Engine               - gameDifficulty: MEDIUM
12:27:20.366 [FXGL Background Thread 3 ] DEBUG Engine               - gameDifficultyProperty: ObjectProperty [value: MEDIUM]
12:27:20.366 [FXGL Background Thread 3 ] DEBUG Engine               - globalMusicVolume: 0.5
12:27:20.366 [FXGL Background Thread 3 ] DEBUG Engine               - globalMusicVolumeProperty: DoubleProperty [value: 0.5]
12:27:20.367 [FXGL Background Thread 3 ] DEBUG Engine               - globalSoundVolume: 0.5
12:27:20.367 [FXGL Background Thread 3 ] DEBUG Engine               - globalSoundVolumeProperty: DoubleProperty [value: 0.5]
12:27:20.367 [FXGL Background Thread 3 ] DEBUG Engine               - height: 563
12:27:20.367 [FXGL Background Thread 3 ] DEBUG Engine               - is3D: false
12:27:20.367 [FXGL Background Thread 3 ] DEBUG Engine               - isAndroid: false
12:27:20.367 [FXGL Background Thread 3 ] DEBUG Engine               - isBrowser: false
12:27:20.368 [FXGL Background Thread 3 ] DEBUG Engine               - isClickFeedbackEnabled: false
12:27:20.368 [FXGL Background Thread 3 ] DEBUG Engine               - isCloseConfirmation: false
12:27:20.368 [FXGL Background Thread 3 ] DEBUG Engine               - isDesktop: true
12:27:20.368 [FXGL Background Thread 3 ] DEBUG Engine               - isDeveloperMenuEnabled: false
12:27:20.368 [FXGL Background Thread 3 ] DEBUG Engine               - isEmbedded: false
12:27:20.368 [FXGL Background Thread 3 ] DEBUG Engine               - isEntityPreloadEnabled: true
12:27:20.369 [FXGL Background Thread 3 ] DEBUG Engine               - isExperimentalTiledLargeMap: false
12:27:20.369 [FXGL Background Thread 3 ] DEBUG Engine               - isFileSystemWriteAllowed: true
12:27:20.369 [FXGL Background Thread 3 ] DEBUG Engine               - isFullScreenAllowed: false
12:27:20.369 [FXGL Background Thread 3 ] DEBUG Engine               - isFullScreenFromStart: false
12:27:20.369 [FXGL Background Thread 3 ] DEBUG Engine               - isGameMenuEnabled: true
12:27:20.369 [FXGL Background Thread 3 ] DEBUG Engine               - isIOS: false
12:27:20.370 [FXGL Background Thread 3 ] DEBUG Engine               - isIntroEnabled: false
12:27:20.370 [FXGL Background Thread 3 ] DEBUG Engine               - isLinux: true
12:27:20.370 [FXGL Background Thread 3 ] DEBUG Engine               - isMac: false
12:27:20.370 [FXGL Background Thread 3 ] DEBUG Engine               - isMainMenuEnabled: true
12:27:20.370 [FXGL Background Thread 3 ] DEBUG Engine               - isManualResizeEnabled: false
12:27:20.370 [FXGL Background Thread 3 ] DEBUG Engine               - isMobile: false
12:27:20.370 [FXGL Background Thread 3 ] DEBUG Engine               - isNative: false
12:27:20.370 [FXGL Background Thread 3 ] DEBUG Engine               - isPauseMusicWhenMinimized: true
12:27:20.371 [FXGL Background Thread 3 ] DEBUG Engine               - isPreserveResizeRatio: false
12:27:20.371 [FXGL Background Thread 3 ] DEBUG Engine               - isProfilingEnabled: false
12:27:20.371 [FXGL Background Thread 3 ] DEBUG Engine               - isScaleAffectedOnResize: true
12:27:20.371 [FXGL Background Thread 3 ] DEBUG Engine               - isSingleStep: false
12:27:20.371 [FXGL Background Thread 3 ] DEBUG Engine               - isUserProfileEnabled: false
12:27:20.371 [FXGL Background Thread 3 ] DEBUG Engine               - isWindows: false
12:27:20.372 [FXGL Background Thread 3 ] DEBUG Engine               - language: ObjectProperty [value: ENGLISH]
12:27:20.372 [FXGL Background Thread 3 ] DEBUG Engine               - menuKey: ESCAPE
12:27:20.372 [FXGL Background Thread 3 ] DEBUG Engine               - mouseSensitivity: 0.2
12:27:20.372 [FXGL Background Thread 3 ] DEBUG Engine               - notificationViewClass: class com.almasb.fxgl.notification.view.XboxNotificationView
12:27:20.372 [FXGL Background Thread 3 ] DEBUG Engine               - pixelsPerMeter: 50.0
12:27:20.372 [FXGL Background Thread 3 ] DEBUG Engine               - platform: LINUX
12:27:20.373 [FXGL Background Thread 3 ] DEBUG Engine               - prefHeightProperty: ReadOnlyDoubleProperty [value: 563.0]
12:27:20.373 [FXGL Background Thread 3 ] DEBUG Engine               - prefWidthProperty: ReadOnlyDoubleProperty [value: 1000.0]
12:27:20.373 [FXGL Background Thread 3 ] DEBUG Engine               - profileDir: profiles/
12:27:20.373 [FXGL Background Thread 3 ] DEBUG Engine               - profileName: StringProperty [value: DEFAULT]
12:27:20.373 [FXGL Background Thread 3 ] DEBUG Engine               - randomSeed: -1
12:27:20.374 [FXGL Background Thread 3 ] DEBUG Engine               - runtimeInfo: RuntimeInfo(platform=LINUX, version=17, build=31.12.2021 18.16)
12:27:20.374 [FXGL Background Thread 3 ] DEBUG Engine               - saveFileExt: sav
12:27:20.374 [FXGL Background Thread 3 ] DEBUG Engine               - scaledHeightProp$fxgl: DoubleProperty [bound, value: 585.5]
12:27:20.374 [FXGL Background Thread 3 ] DEBUG Engine               - scaledWidthProp$fxgl: DoubleProperty [bound, value: 999.0]
12:27:20.374 [FXGL Background Thread 3 ] DEBUG Engine               - sceneFactory: com.example.renewables.RenewablesGame$initSettings$1@1d542be6
12:27:20.374 [FXGL Background Thread 3 ] DEBUG Engine               - secondsIn24h: 60
12:27:20.374 [FXGL Background Thread 3 ] DEBUG Engine               - soundMenuBack: menu/back.wav
12:27:20.374 [FXGL Background Thread 3 ] DEBUG Engine               - soundMenuPress: menu/press.wav
12:27:20.375 [FXGL Background Thread 3 ] DEBUG Engine               - soundMenuSelect: menu/select.wav
12:27:20.375 [FXGL Background Thread 3 ] DEBUG Engine               - soundNotification: core/notification.wav
12:27:20.375 [FXGL Background Thread 3 ] DEBUG Engine               - stageStyle: DECORATED
12:27:20.375 [FXGL Background Thread 3 ] DEBUG Engine               - supportedLanguages: [ENGLISH, FRENCH, GERMAN, HUNGARIAN, RUSSIAN]
12:27:20.375 [FXGL Background Thread 3 ] DEBUG Engine               - ticksPerSecond: -1
12:27:20.375 [FXGL Background Thread 3 ] DEBUG Engine               - title: Renewables
12:27:20.375 [FXGL Background Thread 3 ] DEBUG Engine               - urlGithub: https://github.com/AlmasB/FXGL
12:27:20.375 [FXGL Background Thread 3 ] DEBUG Engine               - urlLeaderboard: http://fxgl-top.herokuapp.com/
12:27:20.375 [FXGL Background Thread 3 ] DEBUG Engine               - urlPOM: https://raw.githubusercontent.com/AlmasB/FXGL/release/README.md
12:27:20.375 [FXGL Background Thread 3 ] DEBUG Engine               - userAppClass: class com.example.renewables.RenewablesGame
12:27:20.375 [FXGL Background Thread 3 ] DEBUG Engine               - version: 0.0.1
12:27:20.376 [FXGL Background Thread 3 ] DEBUG Engine               - versionCheckDays: 7
12:27:20.376 [FXGL Background Thread 3 ] DEBUG Engine               - width: 1000
12:27:20.376 [FXGL Background Thread 3 ] DEBUG Engine               - Logging services
12:27:20.376 [FXGL Background Thread 3 ] DEBUG Engine               - class com.almasb.fxgl.app.services.FXGLAssetLoaderService
12:27:20.376 [FXGL Background Thread 3 ] DEBUG Engine               - class com.almasb.fxgl.app.FXGLApplication$GameApplicationService
12:27:20.376 [FXGL Background Thread 3 ] DEBUG Engine               - class com.almasb.fxgl.app.services.FXGLDialogService
12:27:20.377 [FXGL Background Thread 3 ] DEBUG Engine               - class com.almasb.fxgl.app.services.IOTaskExecutorService
12:27:20.377 [FXGL Background Thread 3 ] DEBUG Engine               - class com.almasb.fxgl.io.FileSystemService
12:27:20.377 [FXGL Background Thread 3 ] DEBUG Engine               - class com.almasb.fxgl.localization.LocalizationService
12:27:20.377 [FXGL Background Thread 3 ] DEBUG Engine               - class com.almasb.fxgl.app.services.SystemBundleService
12:27:20.377 [FXGL Background Thread 3 ] DEBUG Engine               - class com.almasb.fxgl.profile.SaveLoadService
12:27:20.377 [FXGL Background Thread 3 ] DEBUG Engine               - class com.almasb.fxgl.ui.FXGLUIFactoryServiceProvider
12:27:20.377 [FXGL Background Thread 3 ] DEBUG Engine               - class com.almasb.fxgl.ui.FXGLDialogFactoryServiceProvider
12:27:20.377 [FXGL Background Thread 3 ] DEBUG Engine               - class com.almasb.fxgl.audio.AudioPlayer
12:27:20.377 [FXGL Background Thread 3 ] DEBUG Engine               - class com.almasb.fxgl.notification.impl.NotificationServiceProvider
12:27:20.377 [FXGL Background Thread 3 ] DEBUG Engine               - class com.almasb.fxgl.achievement.AchievementService
12:27:20.377 [FXGL Background Thread 3 ] DEBUG Engine               - class com.almasb.fxgl.cutscene.CutsceneService
12:27:20.377 [FXGL Background Thread 3 ] DEBUG Engine               - class com.almasb.fxgl.minigames.MiniGameService
12:27:20.378 [FXGL Background Thread 3 ] DEBUG Engine               - class com.almasb.fxgl.net.NetService
12:27:20.378 [FXGL Background Thread 3 ] DEBUG Engine               - class com.almasb.fxgl.app.services.UpdaterService
12:27:20.378 [FXGL Background Thread 3 ] DEBUG Engine               - class com.almasb.fxgl.dev.DevService
12:27:21.445 [JavaFX Application Thread] DEBUG FXGLApplication      - Exiting FXGL
12:27:21.446 [JavaFX Application Thread] DEBUG LoopRunner           - Stopping loop
12:27:21.446 [JavaFX Application Thread] DEBUG SystemBundleService  - Saving FXGL system data
12:27:21.449 [JavaFX Application Thread] DEBUG FileSystemAccess     - Writing to: /home/macnux/studium/ooad/renewables/system/fxgl.bundle
12:27:21.451 [JavaFX Application Thread] DEBUG Async                - Shutting down background threads
12:27:21.452 [JavaFX Application Thread] DEBUG PrimaryStageWindow   - Closing main window
12:27:21.456 [JavaFX Application Thread] DEBUG Logger               - Closing Logger
