12:22:45.076 [main                     ] DEBUG Logger               - Configured Logger
12:22:45.125 [main                     ] DEBUG GameApplication      - Logging settings
Title: Renewables
Version: 0.0.1
Width: 1000
Height: 563
Fullscreen: false
Intro: false
Profiling: false
Single step:false
App Mode: DEVELOPER
Menu Key: ESCAPE
Stage Style: DECORATED
Scene Factory: class com.example.renewables.RenewablesGame$initSettings$1

12:22:45.481 [JavaFX Application Thread] DEBUG FXGLApplication      - Initializing FXGL
12:22:45.503 [JavaFX Application Thread] INFO  Engine               - FXGL-17 (31.12.2021 18.16) on LINUX (J:17.0.3 FX:17.0.1)
12:22:45.504 [JavaFX Application Thread] DEBUG Engine               - JRE Vendor Name: Private Build
12:22:45.505 [JavaFX Application Thread] DEBUG Engine               - Running on OS: Linux version 5.13.0-52-generic
12:22:45.505 [JavaFX Application Thread] DEBUG Engine               - Architecture: amd64
12:22:45.505 [JavaFX Application Thread] INFO  Engine               - Source code and latest versions at: https://github.com/AlmasB/FXGL
12:22:45.505 [JavaFX Application Thread] INFO  Engine               -       Ask questions and discuss at: https://github.com/AlmasB/FXGL/discussions
12:22:45.506 [JavaFX Application Thread] INFO  Engine               -              Join the FXGL chat at: https://gitter.im/AlmasB/FXGL
12:22:45.633 [JavaFX Application Thread] DEBUG PrimaryStageWindow   - Creating a JavaFX scene
12:22:45.762 [JavaFX Application Thread] DEBUG PrimaryStageWindow   - Target settings size: 1000.0 x 563.0
12:22:45.763 [JavaFX Application Thread] DEBUG PrimaryStageWindow   - Scaled scene size:    1000.0 x 563.0
12:22:45.763 [JavaFX Application Thread] DEBUG PrimaryStageWindow   - Scaled ratio: (1.0, 1.0)
12:22:45.765 [JavaFX Application Thread] DEBUG PrimaryStageWindow   - Set initial scene to FXGLStartupScene
12:22:45.776 [JavaFX Application Thread] DEBUG PrimaryStageWindow   - Opening main window
12:22:45.833 [JavaFX Application Thread] DEBUG PrimaryStageWindow   - Window border size: (1.0, 14.5)
12:22:45.834 [JavaFX Application Thread] DEBUG PrimaryStageWindow   - Scaled size: 1000.0 x 563.0
12:22:45.836 [JavaFX Application Thread] DEBUG PrimaryStageWindow   - Scaled ratio: (1.0, 1.0)
12:22:45.836 [JavaFX Application Thread] DEBUG PrimaryStageWindow   - Scene size: 1000.0 x 563.0
12:22:45.839 [JavaFX Application Thread] DEBUG PrimaryStageWindow   - Stage size: 1001.0 x 577.5
12:22:45.852 [FXGL Background Thread 1 ] DEBUG Engine               - Initializing environment variables
12:22:45.974 [FXGL Background Thread 1 ] DEBUG FXGLAssetLoaderServi - User app class for loading assets: class com.example.renewables.RenewablesGame
12:22:45.975 [FXGL Background Thread 1 ] DEBUG GameApplicationServi - Applying CSS: fxgl_dark.css
12:22:45.976 [FXGL Background Thread 1 ] DEBUG FXGLAssetLoaderServi - Loading from file system: jar:file:///home/macnux/.m2/repository/com/github/almasb/fxgl/17/fxgl-17.jar!/fxglassets/ui/css/fxgl_dark.css
12:22:46.180 [FXGL Background Thread 1 ] DEBUG GameApplicationServi - Initializing application scenes
12:22:46.313 [FXGL Background Thread 1 ] DEBUG GameWorld            - Game world initialized
12:22:46.428 [FXGL Background Thread 1 ] DEBUG PhysicsWorld         - Physics world initialized: appHeight=563, physics.ppm=50.0
12:22:46.428 [FXGL Background Thread 1 ] DEBUG PhysicsWorld         - Using strategy: BRUTE_FORCE
12:22:46.435 [FXGL Background Thread 1 ] DEBUG GameScene            - Game scene initialized: 1000x563
12:22:46.453 [FXGL Background Thread 1 ] WARN  FXGL.DefaultMenu     - FXGLDefaultMenu is not designed for resolutions < 800x600
12:22:46.454 [FXGL Background Thread 1 ] DEBUG FXGL.DefaultMenu     - createMenuBodyGameMenu()
12:22:46.477 [FXGL Background Thread 1 ] DEBUG FXGL.DefaultMenu     - createOptionsMenu()
12:22:46.507 [FXGL Background Thread 1 ] DEBUG FXGLAssetLoaderServi - Loading from file system: jar:file:///home/macnux/.m2/repository/com/github/almasb/fxgl/17/fxgl-17.jar!/fxglassets/textures/particles/smoke.png
12:22:46.641 [FXGL Background Thread 1 ] DEBUG FXGLAssetLoaderServi - Loading from file system: jar:file:///home/macnux/.m2/repository/com/github/almasb/fxgl/17/fxgl-17.jar!/fxglassets/textures/particles/trace_horizontal.png
12:22:46.680 [FXGL Background Thread 1 ] DEBUG GameApplicationServi - Application scenes initialized
12:22:46.699 [FXGL Background Thread 1 ] DEBUG SystemBundleService  - Loading FXGL system data
12:22:46.705 [FXGL Background Thread 1 ] DEBUG FileSystemAccess     - Reading from: /home/macnux/studium/ooad/renewables/system/fxgl.bundle
12:22:46.716 [FXGL Background Thread 1 ] DEBUG SystemBundleService  - Bundle FXGL: {}
12:22:46.716 [FXGL Background Thread 1 ] DEBUG UpdaterService       - Checking for updates
12:22:46.728 [FXGL Background Thread 4 ] DEBUG FXGLApplication      - Loading fonts
12:22:46.728 [FXGL Background Thread 4 ] DEBUG FXGLAssetLoaderServi - Loading from file system: jar:file:///home/macnux/.m2/repository/com/github/almasb/fxgl/17/fxgl-17.jar!/fxglassets/ui/fonts/VarelaRound-Regular.ttf
12:22:46.728 [FXGL Background Thread 1 ] DEBUG FXGLApplication      - Loading default localization
12:22:46.729 [FXGL Background Thread 1 ] DEBUG FXGLAssetLoaderServi - Loading from file system: jar:file:///home/macnux/.m2/repository/com/github/almasb/fxgl/17/fxgl-17.jar!/fxglassets/languages/english.lang
12:22:46.743 [FXGL Background Thread 4 ] DEBUG FXGLAssetLoaderServi - Loading from file system: jar:file:///home/macnux/.m2/repository/com/github/almasb/fxgl/17/fxgl-17.jar!/fxglassets/ui/fonts/Abel-Regular.ttf
12:22:46.745 [FXGL Background Thread 4 ] DEBUG FXGLAssetLoaderServi - Loading from file system: jar:file:///home/macnux/.m2/repository/com/github/almasb/fxgl/17/fxgl-17.jar!/fxglassets/ui/fonts/TerminalLandMono-Regular.otf
12:22:46.747 [FXGL Background Thread 4 ] DEBUG FXGLAssetLoaderServi - Loading from file system: jar:file:///home/macnux/.m2/repository/com/github/almasb/fxgl/17/fxgl-17.jar!/fxglassets/ui/fonts/Courier-Prime.ttf
12:22:46.760 [JavaFX Application Thread] DEBUG FXGLApplication      - Registering font factories with UI factory
12:22:46.770 [FXGL Background Thread 1 ] INFO  FXGLApplication      - FXGL initialization took: 0.917 sec
12:22:46.771 [JavaFX Application Thread] DEBUG FXGLAssetLoaderServi - Loading from file system: jar:file:///home/macnux/.m2/repository/com/github/almasb/fxgl/17/fxgl-17.jar!/fxglassets/textures/fxgl_icon.png
12:22:46.841 [JavaFX Application Thread] DEBUG FXGLAssetLoaderServi - Loading from file system: jar:file:///home/macnux/.m2/repository/com/github/almasb/fxgl/17/fxgl-17.jar!/fxglassets/textures/fxgl_default_cursor.png
12:22:46.859 [JavaFX Application Thread] DEBUG Input                - Registered new binding: Screenshot - CTRL+8
12:22:46.859 [JavaFX Application Thread] DEBUG Input                - Registered new binding: System info dump - CTRL+9
12:22:46.860 [JavaFX Application Thread] DEBUG Input                - Registered new binding: Restart - CTRL+R
12:22:46.861 [JavaFX Application Thread] DEBUG Input                - Registered new binding: Toggle Debug Camera - CTRL+7
12:22:46.867 [JavaFX Application Thread] DEBUG LoopRunner           - Starting loop
12:22:46.868 [JavaFX Application Thread] DEBUG LoopRunner           - Initializing JavaFX AnimationTimerLoop
12:22:46.871 [JavaFX Application Thread] DEBUG Input                - Clearing active input actions
12:22:46.885 [JavaFX Application Thread] DEBUG GameApplicationServi - Removing overlay from FXGLStartupScene and adding to FXGLMainMenuDummyScene
12:22:46.886 [JavaFX Application Thread] DEBUG PrimaryStageWindow   - FXGLStartupScene -> FXGLMainMenuDummyScene
12:22:46.887 [JavaFX Application Thread] DEBUG PrimaryStageWindow   - Push state: RenewablesMainMenu
12:22:46.887 [JavaFX Application Thread] DEBUG Input                - Clearing active input actions
12:22:46.888 [JavaFX Application Thread] DEBUG GameApplicationServi - Removing overlay from FXGLMainMenuDummyScene and adding to RenewablesMainMenu
12:22:46.889 [JavaFX Application Thread] DEBUG PrimaryStageWindow   - FXGLMainMenuDummyScene -> RenewablesMainMenu
12:22:47.536 [FXGL Background Thread 2 ] INFO  UpdaterService       - Your current version:  17
12:22:47.537 [FXGL Background Thread 2 ] INFO  UpdaterService       - Latest stable version: 17.1
12:22:48.389 [JavaFX Application Thread] DEBUG FXGLApplication      - Exiting FXGL
12:22:48.390 [JavaFX Application Thread] DEBUG LoopRunner           - Stopping loop
12:22:48.390 [JavaFX Application Thread] DEBUG SystemBundleService  - Saving FXGL system data
12:22:48.395 [JavaFX Application Thread] DEBUG FileSystemAccess     - Writing to: /home/macnux/studium/ooad/renewables/system/fxgl.bundle
12:22:48.398 [JavaFX Application Thread] DEBUG Async                - Shutting down background threads
12:22:48.398 [JavaFX Application Thread] DEBUG PrimaryStageWindow   - Closing main window
12:22:48.404 [JavaFX Application Thread] DEBUG Logger               - Closing Logger
