12:23:18.925 [main                     ] DEBUG Logger               - Configured Logger
12:23:18.982 [main                     ] DEBUG GameApplication      - Logging settings
Title: Renewables
Version: 0.0.1
Width: 1000
Height: 563
Fullscreen: false
Intro: false
Profiling: false
Single step:false
App Mode: DEVELOPER
Menu Key: ESCAPE
Stage Style: DECORATED
Scene Factory: class com.example.renewables.RenewablesGame$initSettings$1

12:23:19.337 [JavaFX Application Thread] DEBUG FXGLApplication      - Initializing FXGL
12:23:19.348 [JavaFX Application Thread] INFO  Engine               - FXGL-17 (31.12.2021 18.16) on LINUX (J:17.0.3 FX:17.0.1)
12:23:19.349 [JavaFX Application Thread] DEBUG Engine               - JRE Vendor Name: Private Build
12:23:19.349 [JavaFX Application Thread] DEBUG Engine               - Running on OS: Linux version 5.13.0-52-generic
12:23:19.350 [JavaFX Application Thread] DEBUG Engine               - Architecture: amd64
12:23:19.350 [JavaFX Application Thread] INFO  Engine               - Source code and latest versions at: https://github.com/AlmasB/FXGL
12:23:19.350 [JavaFX Application Thread] INFO  Engine               -       Ask questions and discuss at: https://github.com/AlmasB/FXGL/discussions
12:23:19.351 [JavaFX Application Thread] INFO  Engine               -              Join the FXGL chat at: https://gitter.im/AlmasB/FXGL
12:23:19.514 [JavaFX Application Thread] DEBUG PrimaryStageWindow   - Creating a JavaFX scene
12:23:19.651 [JavaFX Application Thread] DEBUG PrimaryStageWindow   - Target settings size: 1000.0 x 563.0
12:23:19.651 [JavaFX Application Thread] DEBUG PrimaryStageWindow   - Scaled scene size:    1000.0 x 563.0
12:23:19.652 [JavaFX Application Thread] DEBUG PrimaryStageWindow   - Scaled ratio: (1.0, 1.0)
12:23:19.653 [JavaFX Application Thread] DEBUG PrimaryStageWindow   - Set initial scene to FXGLStartupScene
12:23:19.663 [JavaFX Application Thread] DEBUG PrimaryStageWindow   - Opening main window
12:23:19.728 [JavaFX Application Thread] DEBUG PrimaryStageWindow   - Window border size: (1.0, 14.5)
12:23:19.728 [JavaFX Application Thread] DEBUG PrimaryStageWindow   - Scaled size: 1000.0 x 563.0
12:23:19.729 [JavaFX Application Thread] DEBUG PrimaryStageWindow   - Scaled ratio: (1.0, 1.0)
12:23:19.729 [JavaFX Application Thread] DEBUG PrimaryStageWindow   - Scene size: 1000.0 x 563.0
12:23:19.730 [JavaFX Application Thread] DEBUG PrimaryStageWindow   - Stage size: 1001.0 x 577.5
12:23:19.742 [FXGL Background Thread 1 ] DEBUG Engine               - Initializing environment variables
12:23:19.808 [FXGL Background Thread 1 ] DEBUG FXGLAssetLoaderServi - User app class for loading assets: class com.example.renewables.RenewablesGame
12:23:19.808 [FXGL Background Thread 1 ] DEBUG GameApplicationServi - Applying CSS: fxgl_dark.css
12:23:19.810 [FXGL Background Thread 1 ] DEBUG FXGLAssetLoaderServi - Loading from file system: jar:file:///home/macnux/.m2/repository/com/github/almasb/fxgl/17/fxgl-17.jar!/fxglassets/ui/css/fxgl_dark.css
12:23:19.955 [FXGL Background Thread 1 ] DEBUG GameApplicationServi - Initializing application scenes
12:23:20.031 [FXGL Background Thread 1 ] DEBUG GameWorld            - Game world initialized
12:23:20.155 [FXGL Background Thread 1 ] DEBUG PhysicsWorld         - Physics world initialized: appHeight=563, physics.ppm=50.0
12:23:20.156 [FXGL Background Thread 1 ] DEBUG PhysicsWorld         - Using strategy: BRUTE_FORCE
12:23:20.175 [FXGL Background Thread 1 ] DEBUG GameScene            - Game scene initialized: 1000x563
12:23:20.208 [FXGL Background Thread 1 ] WARN  FXGL.DefaultMenu     - FXGLDefaultMenu is not designed for resolutions < 800x600
12:23:20.208 [FXGL Background Thread 1 ] DEBUG FXGL.DefaultMenu     - createMenuBodyGameMenu()
12:23:20.236 [FXGL Background Thread 1 ] DEBUG FXGL.DefaultMenu     - createOptionsMenu()
12:23:20.258 [FXGL Background Thread 1 ] DEBUG FXGLAssetLoaderServi - Loading from file system: jar:file:///home/macnux/.m2/repository/com/github/almasb/fxgl/17/fxgl-17.jar!/fxglassets/textures/particles/smoke.png
12:23:20.395 [FXGL Background Thread 1 ] DEBUG FXGLAssetLoaderServi - Loading from file system: jar:file:///home/macnux/.m2/repository/com/github/almasb/fxgl/17/fxgl-17.jar!/fxglassets/textures/particles/trace_horizontal.png
12:23:20.453 [FXGL Background Thread 1 ] DEBUG GameApplicationServi - Application scenes initialized
12:23:20.487 [FXGL Background Thread 1 ] DEBUG SystemBundleService  - Loading FXGL system data
12:23:20.498 [FXGL Background Thread 1 ] DEBUG FileSystemAccess     - Reading from: /home/macnux/studium/ooad/renewables/system/fxgl.bundle
12:23:20.522 [FXGL Background Thread 1 ] DEBUG SystemBundleService  - Bundle FXGL: {}
12:23:20.522 [FXGL Background Thread 1 ] DEBUG UpdaterService       - Checking for updates
12:23:20.536 [FXGL Background Thread 4 ] DEBUG FXGLApplication      - Loading fonts
12:23:20.536 [FXGL Background Thread 1 ] DEBUG FXGLApplication      - Loading default localization
12:23:20.537 [FXGL Background Thread 1 ] DEBUG FXGLAssetLoaderServi - Loading from file system: jar:file:///home/macnux/.m2/repository/com/github/almasb/fxgl/17/fxgl-17.jar!/fxglassets/languages/english.lang
12:23:20.542 [FXGL Background Thread 4 ] DEBUG FXGLAssetLoaderServi - Loading from file system: jar:file:///home/macnux/.m2/repository/com/github/almasb/fxgl/17/fxgl-17.jar!/fxglassets/ui/fonts/VarelaRound-Regular.ttf
12:23:20.568 [FXGL Background Thread 4 ] DEBUG FXGLAssetLoaderServi - Loading from file system: jar:file:///home/macnux/.m2/repository/com/github/almasb/fxgl/17/fxgl-17.jar!/fxglassets/ui/fonts/Abel-Regular.ttf
12:23:20.568 [FXGL Background Thread 1 ] INFO  FXGLApplication      - FXGL initialization took: 0.826 sec
12:23:20.571 [JavaFX Application Thread] DEBUG FXGLAssetLoaderServi - Loading from file system: jar:file:///home/macnux/.m2/repository/com/github/almasb/fxgl/17/fxgl-17.jar!/fxglassets/textures/fxgl_icon.png
12:23:20.574 [FXGL Background Thread 4 ] DEBUG FXGLAssetLoaderServi - Loading from file system: jar:file:///home/macnux/.m2/repository/com/github/almasb/fxgl/17/fxgl-17.jar!/fxglassets/ui/fonts/TerminalLandMono-Regular.otf
12:23:20.576 [FXGL Background Thread 4 ] DEBUG FXGLAssetLoaderServi - Loading from file system: jar:file:///home/macnux/.m2/repository/com/github/almasb/fxgl/17/fxgl-17.jar!/fxglassets/ui/fonts/Courier-Prime.ttf
12:23:20.631 [JavaFX Application Thread] DEBUG FXGLAssetLoaderServi - Loading from file system: jar:file:///home/macnux/.m2/repository/com/github/almasb/fxgl/17/fxgl-17.jar!/fxglassets/textures/fxgl_default_cursor.png
12:23:20.661 [JavaFX Application Thread] DEBUG Input                - Registered new binding: Screenshot - CTRL+8
12:23:20.661 [JavaFX Application Thread] DEBUG Input                - Registered new binding: System info dump - CTRL+9
12:23:20.662 [JavaFX Application Thread] DEBUG Input                - Registered new binding: Restart - CTRL+R
12:23:20.663 [JavaFX Application Thread] DEBUG Input                - Registered new binding: Toggle Debug Camera - CTRL+7
12:23:20.665 [JavaFX Application Thread] DEBUG LoopRunner           - Starting loop
12:23:20.665 [JavaFX Application Thread] DEBUG LoopRunner           - Initializing JavaFX AnimationTimerLoop
12:23:20.669 [JavaFX Application Thread] DEBUG Input                - Clearing active input actions
12:23:20.709 [JavaFX Application Thread] DEBUG GameApplicationServi - Removing overlay from FXGLStartupScene and adding to FXGLMainMenuDummyScene
12:23:20.710 [JavaFX Application Thread] DEBUG PrimaryStageWindow   - FXGLStartupScene -> FXGLMainMenuDummyScene
12:23:20.711 [JavaFX Application Thread] DEBUG PrimaryStageWindow   - Push state: RenewablesMainMenu
12:23:20.711 [JavaFX Application Thread] DEBUG Input                - Clearing active input actions
12:23:20.711 [JavaFX Application Thread] DEBUG GameApplicationServi - Removing overlay from FXGLMainMenuDummyScene and adding to RenewablesMainMenu
12:23:20.712 [JavaFX Application Thread] DEBUG PrimaryStageWindow   - FXGLMainMenuDummyScene -> RenewablesMainMenu
12:23:20.714 [JavaFX Application Thread] DEBUG FXGLApplication      - Registering font factories with UI factory
12:23:21.161 [FXGL Background Thread 2 ] INFO  UpdaterService       - Your current version:  17
12:23:21.161 [FXGL Background Thread 2 ] INFO  UpdaterService       - Latest stable version: 17.1
12:23:21.790 [JavaFX Application Thread] DEBUG FXGLApplication      - Exiting FXGL
12:23:21.790 [JavaFX Application Thread] DEBUG LoopRunner           - Stopping loop
12:23:21.791 [JavaFX Application Thread] DEBUG SystemBundleService  - Saving FXGL system data
12:23:21.794 [JavaFX Application Thread] DEBUG FileSystemAccess     - Writing to: /home/macnux/studium/ooad/renewables/system/fxgl.bundle
12:23:21.796 [JavaFX Application Thread] DEBUG Async                - Shutting down background threads
12:23:21.797 [JavaFX Application Thread] DEBUG PrimaryStageWindow   - Closing main window
12:23:21.804 [JavaFX Application Thread] DEBUG Logger               - Closing Logger
