11:07:45.320 [main                     ] DEBUG Logger               - Configured Logger
11:07:45.367 [main                     ] DEBUG GameApplication      - Logging settings
Title: Renewables Game App
Version: 0.0.1
Width: 1000
Height: 563
Fullscreen: false
Intro: false
Profiling: false
Single step:false
App Mode: DEVELOPER
Menu Key: ESCAPE
Stage Style: DECORATED
Scene Factory: class com.almasb.fxgl.app.scene.SceneFactory

11:07:45.766 [JavaFX Application Thread] DEBUG FXGLApplication      - Initializing FXGL
11:07:45.775 [JavaFX Application Thread] INFO  Engine               - FXGL-17 (31.12.2021 18.16) on LINUX (J:17.0.3 FX:17.0.1)
11:07:45.776 [JavaFX Application Thread] DEBUG Engine               - JRE Vendor Name: Private Build
11:07:45.776 [JavaFX Application Thread] DEBUG Engine               - Running on OS: Linux version 5.13.0-52-generic
11:07:45.776 [JavaFX Application Thread] DEBUG Engine               - Architecture: amd64
11:07:45.777 [JavaFX Application Thread] INFO  Engine               - Source code and latest versions at: https://github.com/AlmasB/FXGL
11:07:45.777 [JavaFX Application Thread] INFO  Engine               -       Ask questions and discuss at: https://github.com/AlmasB/FXGL/discussions
11:07:45.777 [JavaFX Application Thread] INFO  Engine               -              Join the FXGL chat at: https://gitter.im/AlmasB/FXGL
11:07:45.920 [JavaFX Application Thread] DEBUG PrimaryStageWindow   - Creating a JavaFX scene
11:07:46.067 [JavaFX Application Thread] DEBUG PrimaryStageWindow   - Target settings size: 1000.0 x 563.0
11:07:46.068 [JavaFX Application Thread] DEBUG PrimaryStageWindow   - Scaled scene size:    1000.0 x 563.0
11:07:46.068 [JavaFX Application Thread] DEBUG PrimaryStageWindow   - Scaled ratio: (1.0, 1.0)
11:07:46.070 [JavaFX Application Thread] DEBUG PrimaryStageWindow   - Set initial scene to FXGLStartupScene
11:07:46.080 [JavaFX Application Thread] DEBUG PrimaryStageWindow   - Opening main window
11:07:46.141 [JavaFX Application Thread] DEBUG PrimaryStageWindow   - Window border size: (1.0, 14.5)
11:07:46.141 [JavaFX Application Thread] DEBUG PrimaryStageWindow   - Scaled size: 1000.0 x 563.0
11:07:46.142 [JavaFX Application Thread] DEBUG PrimaryStageWindow   - Scaled ratio: (1.0, 1.0)
11:07:46.143 [JavaFX Application Thread] DEBUG PrimaryStageWindow   - Scene size: 1000.0 x 563.0
11:07:46.143 [JavaFX Application Thread] DEBUG PrimaryStageWindow   - Stage size: 1001.0 x 577.5
11:07:46.156 [FXGL Background Thread 1 ] DEBUG Engine               - Initializing environment variables
11:07:46.246 [FXGL Background Thread 1 ] DEBUG FXGLAssetLoaderServi - User app class for loading assets: class com.example.renewables.RenewablesGame
11:07:46.246 [FXGL Background Thread 1 ] DEBUG GameApplicationServi - Applying CSS: fxgl_dark.css
11:07:46.247 [FXGL Background Thread 1 ] DEBUG FXGLAssetLoaderServi - Loading from file system: jar:file:///home/macnux/.m2/repository/com/github/almasb/fxgl/17/fxgl-17.jar!/fxglassets/ui/css/fxgl_dark.css
11:07:46.387 [FXGL Background Thread 1 ] DEBUG GameApplicationServi - Initializing application scenes
11:07:46.522 [FXGL Background Thread 1 ] DEBUG GameWorld            - Game world initialized
11:07:46.602 [FXGL Background Thread 1 ] DEBUG PhysicsWorld         - Physics world initialized: appHeight=563, physics.ppm=50.0
11:07:46.603 [FXGL Background Thread 1 ] DEBUG PhysicsWorld         - Using strategy: BRUTE_FORCE
11:07:46.610 [FXGL Background Thread 1 ] DEBUG GameScene            - Game scene initialized: 1000x563
11:07:46.633 [FXGL Background Thread 1 ] WARN  FXGL.DefaultMenu     - FXGLDefaultMenu is not designed for resolutions < 800x600
11:07:46.634 [FXGL Background Thread 1 ] DEBUG FXGL.DefaultMenu     - createMenuBodyGameMenu()
11:07:46.677 [FXGL Background Thread 1 ] DEBUG FXGL.DefaultMenu     - createOptionsMenu()
11:07:46.694 [FXGL Background Thread 1 ] DEBUG FXGLAssetLoaderServi - Loading from file system: jar:file:///home/macnux/.m2/repository/com/github/almasb/fxgl/17/fxgl-17.jar!/fxglassets/textures/particles/smoke.png
11:07:46.922 [FXGL Background Thread 1 ] DEBUG FXGLAssetLoaderServi - Loading from file system: jar:file:///home/macnux/.m2/repository/com/github/almasb/fxgl/17/fxgl-17.jar!/fxglassets/textures/particles/trace_horizontal.png
11:07:46.978 [FXGL Background Thread 1 ] DEBUG GameApplicationServi - Application scenes initialized
11:07:47.000 [FXGL Background Thread 1 ] DEBUG SystemBundleService  - Loading FXGL system data
11:07:47.007 [FXGL Background Thread 1 ] DEBUG FileSystemAccess     - Reading from: /home/macnux/studium/ooad/renewables/system/fxgl.bundle
11:07:47.018 [FXGL Background Thread 1 ] DEBUG SystemBundleService  - Bundle FXGL: {}
11:07:47.018 [FXGL Background Thread 1 ] DEBUG UpdaterService       - Checking for updates
11:07:47.039 [FXGL Background Thread 1 ] DEBUG FXGLApplication      - Loading default localization
11:07:47.040 [FXGL Background Thread 1 ] DEBUG FXGLAssetLoaderServi - Loading from file system: jar:file:///home/macnux/.m2/repository/com/github/almasb/fxgl/17/fxgl-17.jar!/fxglassets/languages/english.lang
11:07:47.050 [FXGL Background Thread 4 ] DEBUG FXGLApplication      - Loading fonts
11:07:47.051 [FXGL Background Thread 4 ] DEBUG FXGLAssetLoaderServi - Loading from file system: jar:file:///home/macnux/.m2/repository/com/github/almasb/fxgl/17/fxgl-17.jar!/fxglassets/ui/fonts/VarelaRound-Regular.ttf
11:07:47.078 [FXGL Background Thread 4 ] DEBUG FXGLAssetLoaderServi - Loading from file system: jar:file:///home/macnux/.m2/repository/com/github/almasb/fxgl/17/fxgl-17.jar!/fxglassets/ui/fonts/Abel-Regular.ttf
11:07:47.080 [FXGL Background Thread 4 ] DEBUG FXGLAssetLoaderServi - Loading from file system: jar:file:///home/macnux/.m2/repository/com/github/almasb/fxgl/17/fxgl-17.jar!/fxglassets/ui/fonts/TerminalLandMono-Regular.otf
11:07:47.081 [FXGL Background Thread 1 ] INFO  FXGLApplication      - FXGL initialization took: 0.925 sec
11:07:47.082 [JavaFX Application Thread] DEBUG FXGLAssetLoaderServi - Loading from file system: jar:file:///home/macnux/.m2/repository/com/github/almasb/fxgl/17/fxgl-17.jar!/fxglassets/textures/fxgl_icon.png
11:07:47.092 [FXGL Background Thread 4 ] DEBUG FXGLAssetLoaderServi - Loading from file system: jar:file:///home/macnux/.m2/repository/com/github/almasb/fxgl/17/fxgl-17.jar!/fxglassets/ui/fonts/Courier-Prime.ttf
11:07:47.124 [JavaFX Application Thread] DEBUG FXGLAssetLoaderServi - Loading from file system: jar:file:///home/macnux/.m2/repository/com/github/almasb/fxgl/17/fxgl-17.jar!/fxglassets/textures/fxgl_default_cursor.png
11:07:47.142 [JavaFX Application Thread] DEBUG Input                - Registered new binding: Screenshot - CTRL+8
11:07:47.143 [JavaFX Application Thread] DEBUG Input                - Registered new binding: System info dump - CTRL+9
11:07:47.143 [JavaFX Application Thread] DEBUG Input                - Registered new binding: Restart - CTRL+R
11:07:47.149 [JavaFX Application Thread] DEBUG Input                - Registered new binding: Toggle Debug Camera - CTRL+7
11:07:47.152 [JavaFX Application Thread] DEBUG LoopRunner           - Starting loop
11:07:47.153 [JavaFX Application Thread] DEBUG LoopRunner           - Initializing JavaFX AnimationTimerLoop
11:07:47.154 [JavaFX Application Thread] DEBUG GameApplicationServi - Starting new game
11:07:47.155 [JavaFX Application Thread] DEBUG Input                - Clearing active input actions
11:07:47.200 [JavaFX Application Thread] DEBUG GameApplicationServi - Removing overlay from FXGLStartupScene and adding to FXGLLoadingScene
11:07:47.200 [JavaFX Application Thread] DEBUG PrimaryStageWindow   - FXGLStartupScene -> FXGLLoadingScene
11:07:47.200 [JavaFX Application Thread] DEBUG GameApplicationServi - Clearing previous game
11:07:47.201 [JavaFX Application Thread] DEBUG GameScene            - Clearing game scene
11:07:47.201 [JavaFX Application Thread] DEBUG GameWorld            - Clearing game world
11:07:47.201 [JavaFX Application Thread] DEBUG PhysicsWorld         - Clearing physics world
11:07:47.207 [FXGL Background Thread 4 ] DEBUG FXGLApplication      - Initializing game
11:07:47.208 [JavaFX Application Thread] DEBUG FXGLApplication      - Registering font factories with UI factory
11:07:47.214 [FXGL Background Thread 4 ] INFO  FXGLApplication      - Game initialization took: 0.006 sec
11:07:47.474 [JavaFX Application Thread] DEBUG Input                - Clearing active input actions
11:07:47.491 [JavaFX Application Thread] DEBUG GameApplicationServi - Removing overlay from FXGLLoadingScene and adding to GameScene
11:07:47.492 [JavaFX Application Thread] DEBUG PrimaryStageWindow   - FXGLLoadingScene -> GameScene
11:07:48.215 [FXGL Background Thread 2 ] INFO  UpdaterService       - Your current version:  17
11:07:48.216 [FXGL Background Thread 2 ] INFO  UpdaterService       - Latest stable version: 17.1
11:07:50.023 [FXGL Background Thread 3 ] DEBUG Engine               - Logging environment variables
11:07:50.024 [FXGL Background Thread 3 ] DEBUG Engine               - achievements: []
11:07:50.024 [FXGL Background Thread 3 ] DEBUG Engine               - actualHeight: 585.5
11:07:50.025 [FXGL Background Thread 3 ] DEBUG Engine               - actualHeightProperty: ReadOnlyDoubleProperty [value: 585.5]
11:07:50.025 [FXGL Background Thread 3 ] DEBUG Engine               - actualWidth: 999.0
11:07:50.026 [FXGL Background Thread 3 ] DEBUG Engine               - actualWidthProperty: ReadOnlyDoubleProperty [value: 999.0]
11:07:50.026 [FXGL Background Thread 3 ] DEBUG Engine               - appIcon: fxgl_icon.png
11:07:50.026 [FXGL Background Thread 3 ] DEBUG Engine               - applicationMode: DEVELOPER
11:07:50.027 [FXGL Background Thread 3 ] DEBUG Engine               - cSSList: [fxgl_dark.css]
11:07:50.027 [FXGL Background Thread 3 ] DEBUG Engine               - collisionDetectionStrategy: BRUTE_FORCE
11:07:50.027 [FXGL Background Thread 3 ] DEBUG Engine               - configClass: Optional.empty
11:07:50.028 [FXGL Background Thread 3 ] DEBUG Engine               - credits: []
11:07:50.028 [FXGL Background Thread 3 ] DEBUG Engine               - defaultCursor: CursorInfo(imageName=fxgl_default_cursor.png, hotspotX=7.0, hotspotY=6.0)
11:07:50.029 [FXGL Background Thread 3 ] DEBUG Engine               - devBBoxColorProperty: ObjectProperty [value: 0xff0000ff]
11:07:50.029 [FXGL Background Thread 3 ] DEBUG Engine               - devEnableDebugCameraProperty: BooleanProperty [value: false]
11:07:50.030 [FXGL Background Thread 3 ] DEBUG Engine               - devSensorColorProperty: ObjectProperty [value: 0xffff00ff]
11:07:50.030 [FXGL Background Thread 3 ] DEBUG Engine               - devShowBBoxProperty: BooleanProperty [value: false]
11:07:50.030 [FXGL Background Thread 3 ] DEBUG Engine               - devShowPositionProperty: BooleanProperty [value: false]
11:07:50.030 [FXGL Background Thread 3 ] DEBUG Engine               - enabledMenuItems: []
11:07:50.031 [FXGL Background Thread 3 ] DEBUG Engine               - engineServices: [class com.almasb.fxgl.app.services.FXGLAssetLoaderService, class com.almasb.fxgl.app.FXGLApplication$GameApplicationService, class com.almasb.fxgl.app.services.FXGLDialogService, class com.almasb.fxgl.app.services.IOTaskExecutorService, class com.almasb.fxgl.io.FileSystemService, class com.almasb.fxgl.localization.LocalizationService, class com.almasb.fxgl.app.services.SystemBundleService, class com.almasb.fxgl.profile.SaveLoadService, class com.almasb.fxgl.ui.FXGLUIFactoryServiceProvider, class com.almasb.fxgl.ui.FXGLDialogFactoryServiceProvider, class com.almasb.fxgl.audio.AudioPlayer, class com.almasb.fxgl.notification.impl.NotificationServiceProvider, class com.almasb.fxgl.achievement.AchievementService, class com.almasb.fxgl.cutscene.CutsceneService, class com.almasb.fxgl.minigames.MiniGameService, class com.almasb.fxgl.net.NetService, class com.almasb.fxgl.app.services.UpdaterService, class com.almasb.fxgl.dev.DevService]
11:07:50.031 [FXGL Background Thread 3 ] DEBUG Engine               - fontGame: Abel-Regular.ttf
11:07:50.031 [FXGL Background Thread 3 ] DEBUG Engine               - fontMono: TerminalLandMono-Regular.otf
11:07:50.031 [FXGL Background Thread 3 ] DEBUG Engine               - fontText: Courier-Prime.ttf
11:07:50.032 [FXGL Background Thread 3 ] DEBUG Engine               - fontUI: VarelaRound-Regular.ttf
11:07:50.032 [FXGL Background Thread 3 ] DEBUG Engine               - fullScreen: BooleanProperty [value: false]
11:07:50.032 [FXGL Background Thread 3 ] DEBUG Engine               - gameDifficulty: MEDIUM
11:07:50.032 [FXGL Background Thread 3 ] DEBUG Engine               - gameDifficultyProperty: ObjectProperty [value: MEDIUM]
11:07:50.033 [FXGL Background Thread 3 ] DEBUG Engine               - globalMusicVolume: 0.5
11:07:50.033 [FXGL Background Thread 3 ] DEBUG Engine               - globalMusicVolumeProperty: DoubleProperty [value: 0.5]
11:07:50.033 [FXGL Background Thread 3 ] DEBUG Engine               - globalSoundVolume: 0.5
11:07:50.033 [FXGL Background Thread 3 ] DEBUG Engine               - globalSoundVolumeProperty: DoubleProperty [value: 0.5]
11:07:50.033 [FXGL Background Thread 3 ] DEBUG Engine               - height: 563
11:07:50.033 [FXGL Background Thread 3 ] DEBUG Engine               - is3D: false
11:07:50.033 [FXGL Background Thread 3 ] DEBUG Engine               - isAndroid: false
11:07:50.034 [FXGL Background Thread 3 ] DEBUG Engine               - isBrowser: false
11:07:50.034 [FXGL Background Thread 3 ] DEBUG Engine               - isClickFeedbackEnabled: false
11:07:50.034 [FXGL Background Thread 3 ] DEBUG Engine               - isCloseConfirmation: false
11:07:50.034 [FXGL Background Thread 3 ] DEBUG Engine               - isDesktop: true
11:07:50.034 [FXGL Background Thread 3 ] DEBUG Engine               - isDeveloperMenuEnabled: false
11:07:50.034 [FXGL Background Thread 3 ] DEBUG Engine               - isEmbedded: false
11:07:50.035 [FXGL Background Thread 3 ] DEBUG Engine               - isEntityPreloadEnabled: true
11:07:50.035 [FXGL Background Thread 3 ] DEBUG Engine               - isExperimentalTiledLargeMap: false
11:07:50.035 [FXGL Background Thread 3 ] DEBUG Engine               - isFileSystemWriteAllowed: true
11:07:50.035 [FXGL Background Thread 3 ] DEBUG Engine               - isFullScreenAllowed: false
11:07:50.035 [FXGL Background Thread 3 ] DEBUG Engine               - isFullScreenFromStart: false
11:07:50.035 [FXGL Background Thread 3 ] DEBUG Engine               - isGameMenuEnabled: true
11:07:50.036 [FXGL Background Thread 3 ] DEBUG Engine               - isIOS: false
11:07:50.036 [FXGL Background Thread 3 ] DEBUG Engine               - isIntroEnabled: false
11:07:50.036 [FXGL Background Thread 3 ] DEBUG Engine               - isLinux: true
11:07:50.036 [FXGL Background Thread 3 ] DEBUG Engine               - isMac: false
11:07:50.036 [FXGL Background Thread 3 ] DEBUG Engine               - isMainMenuEnabled: false
11:07:50.036 [FXGL Background Thread 3 ] DEBUG Engine               - isManualResizeEnabled: false
11:07:50.037 [FXGL Background Thread 3 ] DEBUG Engine               - isMobile: false
11:07:50.037 [FXGL Background Thread 3 ] DEBUG Engine               - isNative: false
11:07:50.037 [FXGL Background Thread 3 ] DEBUG Engine               - isPauseMusicWhenMinimized: true
11:07:50.037 [FXGL Background Thread 3 ] DEBUG Engine               - isPreserveResizeRatio: false
11:07:50.037 [FXGL Background Thread 3 ] DEBUG Engine               - isProfilingEnabled: false
11:07:50.038 [FXGL Background Thread 3 ] DEBUG Engine               - isScaleAffectedOnResize: true
11:07:50.038 [FXGL Background Thread 3 ] DEBUG Engine               - isSingleStep: false
11:07:50.038 [FXGL Background Thread 3 ] DEBUG Engine               - isUserProfileEnabled: false
11:07:50.038 [FXGL Background Thread 3 ] DEBUG Engine               - isWindows: false
11:07:50.038 [FXGL Background Thread 3 ] DEBUG Engine               - language: ObjectProperty [value: ENGLISH]
11:07:50.038 [FXGL Background Thread 3 ] DEBUG Engine               - menuKey: ESCAPE
11:07:50.039 [FXGL Background Thread 3 ] DEBUG Engine               - mouseSensitivity: 0.2
11:07:50.039 [FXGL Background Thread 3 ] DEBUG Engine               - notificationViewClass: class com.almasb.fxgl.notification.view.XboxNotificationView
11:07:50.039 [FXGL Background Thread 3 ] DEBUG Engine               - pixelsPerMeter: 50.0
11:07:50.039 [FXGL Background Thread 3 ] DEBUG Engine               - platform: LINUX
11:07:50.039 [FXGL Background Thread 3 ] DEBUG Engine               - prefHeightProperty: ReadOnlyDoubleProperty [value: 563.0]
11:07:50.039 [FXGL Background Thread 3 ] DEBUG Engine               - prefWidthProperty: ReadOnlyDoubleProperty [value: 1000.0]
11:07:50.039 [FXGL Background Thread 3 ] DEBUG Engine               - profileDir: profiles/
11:07:50.039 [FXGL Background Thread 3 ] DEBUG Engine               - profileName: StringProperty [value: DEFAULT]
11:07:50.039 [FXGL Background Thread 3 ] DEBUG Engine               - randomSeed: -1
11:07:50.040 [FXGL Background Thread 3 ] DEBUG Engine               - runtimeInfo: RuntimeInfo(platform=LINUX, version=17, build=31.12.2021 18.16)
11:07:50.040 [FXGL Background Thread 3 ] DEBUG Engine               - saveFileExt: sav
11:07:50.040 [FXGL Background Thread 3 ] DEBUG Engine               - scaledHeightProp$fxgl: DoubleProperty [bound, value: 585.5]
11:07:50.040 [FXGL Background Thread 3 ] DEBUG Engine               - scaledWidthProp$fxgl: DoubleProperty [bound, value: 999.0]
11:07:50.040 [FXGL Background Thread 3 ] DEBUG Engine               - sceneFactory: com.almasb.fxgl.app.scene.SceneFactory@7edba0ee
11:07:50.040 [FXGL Background Thread 3 ] DEBUG Engine               - secondsIn24h: 60
11:07:50.041 [FXGL Background Thread 3 ] DEBUG Engine               - soundMenuBack: menu/back.wav
11:07:50.041 [FXGL Background Thread 3 ] DEBUG Engine               - soundMenuPress: menu/press.wav
11:07:50.041 [FXGL Background Thread 3 ] DEBUG Engine               - soundMenuSelect: menu/select.wav
11:07:50.041 [FXGL Background Thread 3 ] DEBUG Engine               - soundNotification: core/notification.wav
11:07:50.041 [FXGL Background Thread 3 ] DEBUG Engine               - stageStyle: DECORATED
11:07:50.041 [FXGL Background Thread 3 ] DEBUG Engine               - supportedLanguages: [ENGLISH, FRENCH, GERMAN, HUNGARIAN, RUSSIAN]
11:07:50.041 [FXGL Background Thread 3 ] DEBUG Engine               - ticksPerSecond: -1
11:07:50.041 [FXGL Background Thread 3 ] DEBUG Engine               - title: Renewables Game App
11:07:50.041 [FXGL Background Thread 3 ] DEBUG Engine               - urlGithub: https://github.com/AlmasB/FXGL
11:07:50.042 [FXGL Background Thread 3 ] DEBUG Engine               - urlLeaderboard: http://fxgl-top.herokuapp.com/
11:07:50.042 [FXGL Background Thread 3 ] DEBUG Engine               - urlPOM: https://raw.githubusercontent.com/AlmasB/FXGL/release/README.md
11:07:50.042 [FXGL Background Thread 3 ] DEBUG Engine               - userAppClass: class com.example.renewables.RenewablesGame
11:07:50.042 [FXGL Background Thread 3 ] DEBUG Engine               - version: 0.0.1
11:07:50.042 [FXGL Background Thread 3 ] DEBUG Engine               - versionCheckDays: 7
11:07:50.042 [FXGL Background Thread 3 ] DEBUG Engine               - width: 1000
11:07:50.042 [FXGL Background Thread 3 ] DEBUG Engine               - Logging services
11:07:50.042 [FXGL Background Thread 3 ] DEBUG Engine               - class com.almasb.fxgl.app.services.FXGLAssetLoaderService
11:07:50.042 [FXGL Background Thread 3 ] DEBUG Engine               - class com.almasb.fxgl.app.FXGLApplication$GameApplicationService
11:07:50.043 [FXGL Background Thread 3 ] DEBUG Engine               - class com.almasb.fxgl.app.services.FXGLDialogService
11:07:50.043 [FXGL Background Thread 3 ] DEBUG Engine               - class com.almasb.fxgl.app.services.IOTaskExecutorService
11:07:50.043 [FXGL Background Thread 3 ] DEBUG Engine               - class com.almasb.fxgl.io.FileSystemService
11:07:50.043 [FXGL Background Thread 3 ] DEBUG Engine               - class com.almasb.fxgl.localization.LocalizationService
11:07:50.043 [FXGL Background Thread 3 ] DEBUG Engine               - class com.almasb.fxgl.app.services.SystemBundleService
11:07:50.043 [FXGL Background Thread 3 ] DEBUG Engine               - class com.almasb.fxgl.profile.SaveLoadService
11:07:50.043 [FXGL Background Thread 3 ] DEBUG Engine               - class com.almasb.fxgl.ui.FXGLUIFactoryServiceProvider
11:07:50.043 [FXGL Background Thread 3 ] DEBUG Engine               - class com.almasb.fxgl.ui.FXGLDialogFactoryServiceProvider
11:07:50.043 [FXGL Background Thread 3 ] DEBUG Engine               - class com.almasb.fxgl.audio.AudioPlayer
11:07:50.043 [FXGL Background Thread 3 ] DEBUG Engine               - class com.almasb.fxgl.notification.impl.NotificationServiceProvider
11:07:50.043 [FXGL Background Thread 3 ] DEBUG Engine               - class com.almasb.fxgl.achievement.AchievementService
11:07:50.043 [FXGL Background Thread 3 ] DEBUG Engine               - class com.almasb.fxgl.cutscene.CutsceneService
11:07:50.043 [FXGL Background Thread 3 ] DEBUG Engine               - class com.almasb.fxgl.minigames.MiniGameService
11:07:50.044 [FXGL Background Thread 3 ] DEBUG Engine               - class com.almasb.fxgl.net.NetService
11:07:50.044 [FXGL Background Thread 3 ] DEBUG Engine               - class com.almasb.fxgl.app.services.UpdaterService
11:07:50.044 [FXGL Background Thread 3 ] DEBUG Engine               - class com.almasb.fxgl.dev.DevService
11:11:46.844 [JavaFX Application Thread] DEBUG FXGLApplication      - Exiting FXGL
11:11:46.846 [JavaFX Application Thread] DEBUG LoopRunner           - Stopping loop
11:11:46.846 [JavaFX Application Thread] DEBUG SystemBundleService  - Saving FXGL system data
11:11:46.851 [JavaFX Application Thread] DEBUG FileSystemAccess     - Writing to: /home/macnux/studium/ooad/renewables/system/fxgl.bundle
11:11:46.854 [JavaFX Application Thread] DEBUG Async                - Shutting down background threads
11:11:46.854 [JavaFX Application Thread] DEBUG PrimaryStageWindow   - Closing main window
11:11:46.869 [JavaFX Application Thread] DEBUG Logger               - Closing Logger
