12:11:56.817 [main                     ] DEBUG Logger               - Configured Logger
12:11:56.864 [main                     ] DEBUG GameApplication      - Logging settings
Title: Renewables
Version: 0.0.1
Width: 1000
Height: 563
Fullscreen: false
Intro: false
Profiling: false
Single step:false
App Mode: DEVELOPER
Menu Key: ESCAPE
Stage Style: DECORATED
Scene Factory: class com.example.renewables.RenewablesGame$initSettings$1

12:11:57.292 [JavaFX Application Thread] DEBUG FXGLApplication      - Initializing FXGL
12:11:57.307 [JavaFX Application Thread] INFO  Engine               - FXGL-17 (31.12.2021 18.16) on LINUX (J:17.0.3 FX:17.0.1)
12:11:57.307 [JavaFX Application Thread] DEBUG Engine               - JRE Vendor Name: Private Build
12:11:57.308 [JavaFX Application Thread] DEBUG Engine               - Running on OS: Linux version 5.13.0-52-generic
12:11:57.308 [JavaFX Application Thread] DEBUG Engine               - Architecture: amd64
12:11:57.309 [JavaFX Application Thread] INFO  Engine               - Source code and latest versions at: https://github.com/AlmasB/FXGL
12:11:57.309 [JavaFX Application Thread] INFO  Engine               -       Ask questions and discuss at: https://github.com/AlmasB/FXGL/discussions
12:11:57.309 [JavaFX Application Thread] INFO  Engine               -              Join the FXGL chat at: https://gitter.im/AlmasB/FXGL
12:11:57.461 [JavaFX Application Thread] DEBUG PrimaryStageWindow   - Creating a JavaFX scene
12:11:57.587 [JavaFX Application Thread] DEBUG PrimaryStageWindow   - Target settings size: 1000.0 x 563.0
12:11:57.588 [JavaFX Application Thread] DEBUG PrimaryStageWindow   - Scaled scene size:    1000.0 x 563.0
12:11:57.589 [JavaFX Application Thread] DEBUG PrimaryStageWindow   - Scaled ratio: (1.0, 1.0)
12:11:57.591 [JavaFX Application Thread] DEBUG PrimaryStageWindow   - Set initial scene to FXGLStartupScene
12:11:57.603 [JavaFX Application Thread] DEBUG PrimaryStageWindow   - Opening main window
12:11:57.656 [JavaFX Application Thread] DEBUG PrimaryStageWindow   - Window border size: (1.0, 14.5)
12:11:57.657 [JavaFX Application Thread] DEBUG PrimaryStageWindow   - Scaled size: 1000.0 x 563.0
12:11:57.659 [JavaFX Application Thread] DEBUG PrimaryStageWindow   - Scaled ratio: (1.0, 1.0)
12:11:57.660 [JavaFX Application Thread] DEBUG PrimaryStageWindow   - Scene size: 1000.0 x 563.0
12:11:57.660 [JavaFX Application Thread] DEBUG PrimaryStageWindow   - Stage size: 1001.0 x 577.5
12:11:57.671 [FXGL Background Thread 1 ] DEBUG Engine               - Initializing environment variables
12:11:57.752 [FXGL Background Thread 1 ] DEBUG FXGLAssetLoaderServi - User app class for loading assets: class com.example.renewables.RenewablesGame
12:11:57.752 [FXGL Background Thread 1 ] DEBUG GameApplicationServi - Applying CSS: fxgl_dark.css
12:11:57.754 [FXGL Background Thread 1 ] DEBUG FXGLAssetLoaderServi - Loading from file system: jar:file:///home/macnux/.m2/repository/com/github/almasb/fxgl/17/fxgl-17.jar!/fxglassets/ui/css/fxgl_dark.css
12:11:57.875 [FXGL Background Thread 1 ] DEBUG GameApplicationServi - Initializing application scenes
12:11:57.981 [FXGL Background Thread 1 ] DEBUG GameWorld            - Game world initialized
12:11:58.087 [FXGL Background Thread 1 ] DEBUG PhysicsWorld         - Physics world initialized: appHeight=563, physics.ppm=50.0
12:11:58.088 [FXGL Background Thread 1 ] DEBUG PhysicsWorld         - Using strategy: BRUTE_FORCE
12:11:58.098 [FXGL Background Thread 1 ] DEBUG GameScene            - Game scene initialized: 1000x563
12:11:58.132 [FXGL Background Thread 1 ] WARN  FXGL.DefaultMenu     - FXGLDefaultMenu is not designed for resolutions < 800x600
12:11:58.133 [FXGL Background Thread 1 ] DEBUG FXGL.DefaultMenu     - createMenuBodyGameMenu()
12:11:58.162 [FXGL Background Thread 1 ] DEBUG FXGL.DefaultMenu     - createOptionsMenu()
12:11:58.181 [FXGL Background Thread 1 ] DEBUG FXGLAssetLoaderServi - Loading from file system: jar:file:///home/macnux/.m2/repository/com/github/almasb/fxgl/17/fxgl-17.jar!/fxglassets/textures/particles/smoke.png
12:11:58.353 [FXGL Background Thread 1 ] DEBUG FXGLAssetLoaderServi - Loading from file system: jar:file:///home/macnux/.m2/repository/com/github/almasb/fxgl/17/fxgl-17.jar!/fxglassets/textures/particles/trace_horizontal.png
12:11:58.402 [FXGL Background Thread 1 ] DEBUG GameApplicationServi - Application scenes initialized
12:11:58.437 [FXGL Background Thread 1 ] DEBUG SystemBundleService  - Loading FXGL system data
12:11:58.448 [FXGL Background Thread 1 ] DEBUG FileSystemAccess     - Reading from: /home/macnux/studium/ooad/renewables/system/fxgl.bundle
12:11:58.467 [FXGL Background Thread 1 ] DEBUG SystemBundleService  - Bundle FXGL: {}
12:11:58.468 [FXGL Background Thread 1 ] DEBUG UpdaterService       - Checking for updates
12:11:58.482 [FXGL Background Thread 4 ] DEBUG FXGLApplication      - Loading fonts
12:11:58.483 [FXGL Background Thread 4 ] DEBUG FXGLAssetLoaderServi - Loading from file system: jar:file:///home/macnux/.m2/repository/com/github/almasb/fxgl/17/fxgl-17.jar!/fxglassets/ui/fonts/VarelaRound-Regular.ttf
12:11:58.483 [FXGL Background Thread 1 ] DEBUG FXGLApplication      - Loading default localization
12:11:58.484 [FXGL Background Thread 1 ] DEBUG FXGLAssetLoaderServi - Loading from file system: jar:file:///home/macnux/.m2/repository/com/github/almasb/fxgl/17/fxgl-17.jar!/fxglassets/languages/english.lang
12:11:58.504 [FXGL Background Thread 4 ] DEBUG FXGLAssetLoaderServi - Loading from file system: jar:file:///home/macnux/.m2/repository/com/github/almasb/fxgl/17/fxgl-17.jar!/fxglassets/ui/fonts/Abel-Regular.ttf
12:11:58.506 [FXGL Background Thread 4 ] DEBUG FXGLAssetLoaderServi - Loading from file system: jar:file:///home/macnux/.m2/repository/com/github/almasb/fxgl/17/fxgl-17.jar!/fxglassets/ui/fonts/TerminalLandMono-Regular.otf
12:11:58.509 [FXGL Background Thread 4 ] DEBUG FXGLAssetLoaderServi - Loading from file system: jar:file:///home/macnux/.m2/repository/com/github/almasb/fxgl/17/fxgl-17.jar!/fxglassets/ui/fonts/Courier-Prime.ttf
12:11:58.526 [JavaFX Application Thread] DEBUG FXGLApplication      - Registering font factories with UI factory
12:11:58.538 [FXGL Background Thread 1 ] INFO  FXGLApplication      - FXGL initialization took: 0.867 sec
12:11:58.540 [JavaFX Application Thread] DEBUG FXGLAssetLoaderServi - Loading from file system: jar:file:///home/macnux/.m2/repository/com/github/almasb/fxgl/17/fxgl-17.jar!/fxglassets/textures/fxgl_icon.png
12:11:58.596 [JavaFX Application Thread] DEBUG FXGLAssetLoaderServi - Loading from file system: jar:file:///home/macnux/.m2/repository/com/github/almasb/fxgl/17/fxgl-17.jar!/fxglassets/textures/fxgl_default_cursor.png
12:11:58.621 [JavaFX Application Thread] DEBUG Input                - Registered new binding: Screenshot - CTRL+8
12:11:58.623 [JavaFX Application Thread] DEBUG Input                - Registered new binding: System info dump - CTRL+9
12:11:58.626 [JavaFX Application Thread] DEBUG Input                - Registered new binding: Restart - CTRL+R
12:11:58.633 [JavaFX Application Thread] DEBUG Input                - Registered new binding: Toggle Debug Camera - CTRL+7
12:11:58.637 [JavaFX Application Thread] DEBUG LoopRunner           - Starting loop
12:11:58.637 [JavaFX Application Thread] DEBUG LoopRunner           - Initializing JavaFX AnimationTimerLoop
12:11:58.650 [JavaFX Application Thread] DEBUG Input                - Clearing active input actions
12:11:58.680 [JavaFX Application Thread] DEBUG GameApplicationServi - Removing overlay from FXGLStartupScene and adding to FXGLMainMenuDummyScene
12:11:58.680 [JavaFX Application Thread] DEBUG PrimaryStageWindow   - FXGLStartupScene -> FXGLMainMenuDummyScene
12:11:58.681 [JavaFX Application Thread] DEBUG PrimaryStageWindow   - Push state: RenewablesMainMenu
12:11:58.681 [JavaFX Application Thread] DEBUG Input                - Clearing active input actions
12:11:58.682 [JavaFX Application Thread] DEBUG GameApplicationServi - Removing overlay from FXGLMainMenuDummyScene and adding to RenewablesMainMenu
12:11:58.683 [JavaFX Application Thread] DEBUG PrimaryStageWindow   - FXGLMainMenuDummyScene -> RenewablesMainMenu
12:11:59.168 [FXGL Background Thread 2 ] INFO  UpdaterService       - Your current version:  17
12:11:59.168 [FXGL Background Thread 2 ] INFO  UpdaterService       - Latest stable version: 17.1
12:12:01.473 [FXGL Background Thread 3 ] DEBUG Engine               - Logging environment variables
12:12:01.473 [FXGL Background Thread 3 ] DEBUG Engine               - achievements: []
12:12:01.474 [FXGL Background Thread 3 ] DEBUG Engine               - actualHeight: 563.0
12:12:01.474 [FXGL Background Thread 3 ] DEBUG Engine               - actualHeightProperty: ReadOnlyDoubleProperty [value: 585.5]
12:12:01.474 [FXGL Background Thread 3 ] DEBUG Engine               - actualWidth: 1000.0
12:12:01.474 [FXGL Background Thread 3 ] DEBUG Engine               - actualWidthProperty: ReadOnlyDoubleProperty [value: 999.0]
12:12:01.474 [FXGL Background Thread 3 ] DEBUG Engine               - appIcon: fxgl_icon.png
12:12:01.474 [FXGL Background Thread 3 ] DEBUG Engine               - applicationMode: DEVELOPER
12:12:01.474 [FXGL Background Thread 3 ] DEBUG Engine               - cSSList: [fxgl_dark.css]
12:12:01.475 [FXGL Background Thread 3 ] DEBUG Engine               - collisionDetectionStrategy: BRUTE_FORCE
12:12:01.475 [FXGL Background Thread 3 ] DEBUG Engine               - configClass: Optional.empty
12:12:01.475 [FXGL Background Thread 3 ] DEBUG Engine               - credits: []
12:12:01.475 [FXGL Background Thread 3 ] DEBUG Engine               - defaultCursor: CursorInfo(imageName=fxgl_default_cursor.png, hotspotX=7.0, hotspotY=6.0)
12:12:01.476 [FXGL Background Thread 3 ] DEBUG Engine               - devBBoxColorProperty: ObjectProperty [value: 0xff0000ff]
12:12:01.476 [FXGL Background Thread 3 ] DEBUG Engine               - devEnableDebugCameraProperty: BooleanProperty [value: false]
12:12:01.476 [FXGL Background Thread 3 ] DEBUG Engine               - devSensorColorProperty: ObjectProperty [value: 0xffff00ff]
12:12:01.477 [FXGL Background Thread 3 ] DEBUG Engine               - devShowBBoxProperty: BooleanProperty [value: false]
12:12:01.477 [FXGL Background Thread 3 ] DEBUG Engine               - devShowPositionProperty: BooleanProperty [value: false]
12:12:01.477 [FXGL Background Thread 3 ] DEBUG Engine               - enabledMenuItems: []
12:12:01.477 [FXGL Background Thread 3 ] DEBUG Engine               - engineServices: [class com.almasb.fxgl.app.services.FXGLAssetLoaderService, class com.almasb.fxgl.app.FXGLApplication$GameApplicationService, class com.almasb.fxgl.app.services.FXGLDialogService, class com.almasb.fxgl.app.services.IOTaskExecutorService, class com.almasb.fxgl.io.FileSystemService, class com.almasb.fxgl.localization.LocalizationService, class com.almasb.fxgl.app.services.SystemBundleService, class com.almasb.fxgl.profile.SaveLoadService, class com.almasb.fxgl.ui.FXGLUIFactoryServiceProvider, class com.almasb.fxgl.ui.FXGLDialogFactoryServiceProvider, class com.almasb.fxgl.audio.AudioPlayer, class com.almasb.fxgl.notification.impl.NotificationServiceProvider, class com.almasb.fxgl.achievement.AchievementService, class com.almasb.fxgl.cutscene.CutsceneService, class com.almasb.fxgl.minigames.MiniGameService, class com.almasb.fxgl.net.NetService, class com.almasb.fxgl.app.services.UpdaterService, class com.almasb.fxgl.dev.DevService]
12:12:01.477 [FXGL Background Thread 3 ] DEBUG Engine               - fontGame: Abel-Regular.ttf
12:12:01.477 [FXGL Background Thread 3 ] DEBUG Engine               - fontMono: TerminalLandMono-Regular.otf
12:12:01.478 [FXGL Background Thread 3 ] DEBUG Engine               - fontText: Courier-Prime.ttf
12:12:01.478 [FXGL Background Thread 3 ] DEBUG Engine               - fontUI: VarelaRound-Regular.ttf
12:12:01.478 [FXGL Background Thread 3 ] DEBUG Engine               - fullScreen: BooleanProperty [value: false]
12:12:01.479 [FXGL Background Thread 3 ] DEBUG Engine               - gameDifficulty: MEDIUM
12:12:01.479 [FXGL Background Thread 3 ] DEBUG Engine               - gameDifficultyProperty: ObjectProperty [value: MEDIUM]
12:12:01.479 [FXGL Background Thread 3 ] DEBUG Engine               - globalMusicVolume: 0.5
12:12:01.479 [FXGL Background Thread 3 ] DEBUG Engine               - globalMusicVolumeProperty: DoubleProperty [value: 0.5]
12:12:01.479 [FXGL Background Thread 3 ] DEBUG Engine               - globalSoundVolume: 0.5
12:12:01.480 [FXGL Background Thread 3 ] DEBUG Engine               - globalSoundVolumeProperty: DoubleProperty [value: 0.5]
12:12:01.480 [FXGL Background Thread 3 ] DEBUG Engine               - height: 563
12:12:01.480 [FXGL Background Thread 3 ] DEBUG Engine               - is3D: false
12:12:01.480 [FXGL Background Thread 3 ] DEBUG Engine               - isAndroid: false
12:12:01.480 [FXGL Background Thread 3 ] DEBUG Engine               - isBrowser: false
12:12:01.480 [FXGL Background Thread 3 ] DEBUG Engine               - isClickFeedbackEnabled: false
12:12:01.480 [FXGL Background Thread 3 ] DEBUG Engine               - isCloseConfirmation: false
12:12:01.481 [FXGL Background Thread 3 ] DEBUG Engine               - isDesktop: true
12:12:01.481 [FXGL Background Thread 3 ] DEBUG Engine               - isDeveloperMenuEnabled: false
12:12:01.481 [FXGL Background Thread 3 ] DEBUG Engine               - isEmbedded: false
12:12:01.481 [FXGL Background Thread 3 ] DEBUG Engine               - isEntityPreloadEnabled: true
12:12:01.481 [FXGL Background Thread 3 ] DEBUG Engine               - isExperimentalTiledLargeMap: false
12:12:01.481 [FXGL Background Thread 3 ] DEBUG Engine               - isFileSystemWriteAllowed: true
12:12:01.481 [FXGL Background Thread 3 ] DEBUG Engine               - isFullScreenAllowed: false
12:12:01.482 [FXGL Background Thread 3 ] DEBUG Engine               - isFullScreenFromStart: false
12:12:01.482 [FXGL Background Thread 3 ] DEBUG Engine               - isGameMenuEnabled: true
12:12:01.482 [FXGL Background Thread 3 ] DEBUG Engine               - isIOS: false
12:12:01.482 [FXGL Background Thread 3 ] DEBUG Engine               - isIntroEnabled: false
12:12:01.482 [FXGL Background Thread 3 ] DEBUG Engine               - isLinux: true
12:12:01.482 [FXGL Background Thread 3 ] DEBUG Engine               - isMac: false
12:12:01.483 [FXGL Background Thread 3 ] DEBUG Engine               - isMainMenuEnabled: true
12:12:01.483 [FXGL Background Thread 3 ] DEBUG Engine               - isManualResizeEnabled: false
12:12:01.483 [FXGL Background Thread 3 ] DEBUG Engine               - isMobile: false
12:12:01.483 [FXGL Background Thread 3 ] DEBUG Engine               - isNative: false
12:12:01.483 [FXGL Background Thread 3 ] DEBUG Engine               - isPauseMusicWhenMinimized: true
12:12:01.483 [FXGL Background Thread 3 ] DEBUG Engine               - isPreserveResizeRatio: false
12:12:01.483 [FXGL Background Thread 3 ] DEBUG Engine               - isProfilingEnabled: false
12:12:01.484 [FXGL Background Thread 3 ] DEBUG Engine               - isScaleAffectedOnResize: true
12:12:01.484 [FXGL Background Thread 3 ] DEBUG Engine               - isSingleStep: false
12:12:01.484 [FXGL Background Thread 3 ] DEBUG Engine               - isUserProfileEnabled: false
12:12:01.484 [FXGL Background Thread 3 ] DEBUG Engine               - isWindows: false
12:12:01.484 [FXGL Background Thread 3 ] DEBUG Engine               - language: ObjectProperty [value: ENGLISH]
12:12:01.484 [FXGL Background Thread 3 ] DEBUG Engine               - menuKey: ESCAPE
12:12:01.484 [FXGL Background Thread 3 ] DEBUG Engine               - mouseSensitivity: 0.2
12:12:01.485 [FXGL Background Thread 3 ] DEBUG Engine               - notificationViewClass: class com.almasb.fxgl.notification.view.XboxNotificationView
12:12:01.485 [FXGL Background Thread 3 ] DEBUG Engine               - pixelsPerMeter: 50.0
12:12:01.485 [FXGL Background Thread 3 ] DEBUG Engine               - platform: LINUX
12:12:01.485 [FXGL Background Thread 3 ] DEBUG Engine               - prefHeightProperty: ReadOnlyDoubleProperty [value: 563.0]
12:12:01.485 [FXGL Background Thread 3 ] DEBUG Engine               - prefWidthProperty: ReadOnlyDoubleProperty [value: 1000.0]
12:12:01.485 [FXGL Background Thread 3 ] DEBUG Engine               - profileDir: profiles/
12:12:01.485 [FXGL Background Thread 3 ] DEBUG Engine               - profileName: StringProperty [value: DEFAULT]
12:12:01.486 [FXGL Background Thread 3 ] DEBUG Engine               - randomSeed: -1
12:12:01.486 [FXGL Background Thread 3 ] DEBUG Engine               - runtimeInfo: RuntimeInfo(platform=LINUX, version=17, build=31.12.2021 18.16)
12:12:01.486 [FXGL Background Thread 3 ] DEBUG Engine               - saveFileExt: sav
12:12:01.487 [FXGL Background Thread 3 ] DEBUG Engine               - scaledHeightProp$fxgl: DoubleProperty [bound, value: 585.5]
12:12:01.487 [FXGL Background Thread 3 ] DEBUG Engine               - scaledWidthProp$fxgl: DoubleProperty [bound, value: 999.0]
12:12:01.487 [FXGL Background Thread 3 ] DEBUG Engine               - sceneFactory: com.example.renewables.RenewablesGame$initSettings$1@d096976
12:12:01.487 [FXGL Background Thread 3 ] DEBUG Engine               - secondsIn24h: 60
12:12:01.487 [FXGL Background Thread 3 ] DEBUG Engine               - soundMenuBack: menu/back.wav
12:12:01.488 [FXGL Background Thread 3 ] DEBUG Engine               - soundMenuPress: menu/press.wav
12:12:01.488 [FXGL Background Thread 3 ] DEBUG Engine               - soundMenuSelect: menu/select.wav
12:12:01.488 [FXGL Background Thread 3 ] DEBUG Engine               - soundNotification: core/notification.wav
12:12:01.488 [FXGL Background Thread 3 ] DEBUG Engine               - stageStyle: DECORATED
12:12:01.488 [FXGL Background Thread 3 ] DEBUG Engine               - supportedLanguages: [ENGLISH, FRENCH, GERMAN, HUNGARIAN, RUSSIAN]
12:12:01.488 [FXGL Background Thread 3 ] DEBUG Engine               - ticksPerSecond: -1
12:12:01.488 [FXGL Background Thread 3 ] DEBUG Engine               - title: Renewables
12:12:01.489 [FXGL Background Thread 3 ] DEBUG Engine               - urlGithub: https://github.com/AlmasB/FXGL
12:12:01.489 [FXGL Background Thread 3 ] DEBUG Engine               - urlLeaderboard: http://fxgl-top.herokuapp.com/
12:12:01.489 [FXGL Background Thread 3 ] DEBUG Engine               - urlPOM: https://raw.githubusercontent.com/AlmasB/FXGL/release/README.md
12:12:01.489 [FXGL Background Thread 3 ] DEBUG Engine               - userAppClass: class com.example.renewables.RenewablesGame
12:12:01.489 [FXGL Background Thread 3 ] DEBUG Engine               - version: 0.0.1
12:12:01.489 [FXGL Background Thread 3 ] DEBUG Engine               - versionCheckDays: 7
12:12:01.489 [FXGL Background Thread 3 ] DEBUG Engine               - width: 1000
12:12:01.490 [FXGL Background Thread 3 ] DEBUG Engine               - Logging services
12:12:01.490 [FXGL Background Thread 3 ] DEBUG Engine               - class com.almasb.fxgl.app.services.FXGLAssetLoaderService
12:12:01.490 [FXGL Background Thread 3 ] DEBUG Engine               - class com.almasb.fxgl.app.FXGLApplication$GameApplicationService
12:12:01.490 [FXGL Background Thread 3 ] DEBUG Engine               - class com.almasb.fxgl.app.services.FXGLDialogService
12:12:01.490 [FXGL Background Thread 3 ] DEBUG Engine               - class com.almasb.fxgl.app.services.IOTaskExecutorService
12:12:01.490 [FXGL Background Thread 3 ] DEBUG Engine               - class com.almasb.fxgl.io.FileSystemService
12:12:01.490 [FXGL Background Thread 3 ] DEBUG Engine               - class com.almasb.fxgl.localization.LocalizationService
12:12:01.490 [FXGL Background Thread 3 ] DEBUG Engine               - class com.almasb.fxgl.app.services.SystemBundleService
12:12:01.491 [FXGL Background Thread 3 ] DEBUG Engine               - class com.almasb.fxgl.profile.SaveLoadService
12:12:01.491 [FXGL Background Thread 3 ] DEBUG Engine               - class com.almasb.fxgl.ui.FXGLUIFactoryServiceProvider
12:12:01.491 [FXGL Background Thread 3 ] DEBUG Engine               - class com.almasb.fxgl.ui.FXGLDialogFactoryServiceProvider
12:12:01.491 [FXGL Background Thread 3 ] DEBUG Engine               - class com.almasb.fxgl.audio.AudioPlayer
12:12:01.491 [FXGL Background Thread 3 ] DEBUG Engine               - class com.almasb.fxgl.notification.impl.NotificationServiceProvider
12:12:01.491 [FXGL Background Thread 3 ] DEBUG Engine               - class com.almasb.fxgl.achievement.AchievementService
12:12:01.491 [FXGL Background Thread 3 ] DEBUG Engine               - class com.almasb.fxgl.cutscene.CutsceneService
12:12:01.492 [FXGL Background Thread 3 ] DEBUG Engine               - class com.almasb.fxgl.minigames.MiniGameService
12:12:01.492 [FXGL Background Thread 3 ] DEBUG Engine               - class com.almasb.fxgl.net.NetService
12:12:01.492 [FXGL Background Thread 3 ] DEBUG Engine               - class com.almasb.fxgl.app.services.UpdaterService
12:12:01.492 [FXGL Background Thread 3 ] DEBUG Engine               - class com.almasb.fxgl.dev.DevService
12:12:14.284 [JavaFX Application Thread] DEBUG FXGLApplication      - Exiting FXGL
12:12:14.284 [JavaFX Application Thread] DEBUG LoopRunner           - Stopping loop
12:12:14.284 [JavaFX Application Thread] DEBUG SystemBundleService  - Saving FXGL system data
12:12:14.287 [JavaFX Application Thread] DEBUG FileSystemAccess     - Writing to: /home/macnux/studium/ooad/renewables/system/fxgl.bundle
12:12:14.289 [JavaFX Application Thread] DEBUG Async                - Shutting down background threads
12:12:14.290 [JavaFX Application Thread] DEBUG PrimaryStageWindow   - Closing main window
12:12:14.293 [JavaFX Application Thread] DEBUG Logger               - Closing Logger
