11:16:50.187 [main                     ] DEBUG Logger               - Configured Logger
11:16:50.250 [main                     ] DEBUG GameApplication      - Logging settings
Title: Renewables Game App
Version: 0.0.1
Width: 1000
Height: 563
Fullscreen: false
Intro: false
Profiling: false
Single step:false
App Mode: DEVELOPER
Menu Key: ESCAPE
Stage Style: DECORATED
Scene Factory: class com.almasb.fxgl.app.scene.SceneFactory

11:16:50.887 [JavaFX Application Thread] DEBUG FXGLApplication      - Initializing FXGL
11:16:50.908 [JavaFX Application Thread] INFO  Engine               - FXGL-17 (31.12.2021 18.16) on LINUX (J:17.0.3 FX:17.0.1)
11:16:50.909 [JavaFX Application Thread] DEBUG Engine               - JRE Vendor Name: Private Build
11:16:50.909 [JavaFX Application Thread] DEBUG Engine               - Running on OS: Linux version 5.13.0-52-generic
11:16:50.910 [JavaFX Application Thread] DEBUG Engine               - Architecture: amd64
11:16:50.910 [JavaFX Application Thread] INFO  Engine               - Source code and latest versions at: https://github.com/AlmasB/FXGL
11:16:50.911 [JavaFX Application Thread] INFO  Engine               -       Ask questions and discuss at: https://github.com/AlmasB/FXGL/discussions
11:16:50.913 [JavaFX Application Thread] INFO  Engine               -              Join the FXGL chat at: https://gitter.im/AlmasB/FXGL
11:16:51.131 [JavaFX Application Thread] DEBUG PrimaryStageWindow   - Creating a JavaFX scene
11:16:51.292 [JavaFX Application Thread] DEBUG PrimaryStageWindow   - Target settings size: 1000.0 x 563.0
11:16:51.292 [JavaFX Application Thread] DEBUG PrimaryStageWindow   - Scaled scene size:    1000.0 x 563.0
11:16:51.293 [JavaFX Application Thread] DEBUG PrimaryStageWindow   - Scaled ratio: (1.0, 1.0)
11:16:51.294 [JavaFX Application Thread] DEBUG PrimaryStageWindow   - Set initial scene to FXGLStartupScene
11:16:51.309 [JavaFX Application Thread] DEBUG PrimaryStageWindow   - Opening main window
11:16:51.398 [JavaFX Application Thread] DEBUG PrimaryStageWindow   - Window border size: (1.0, 14.5)
11:16:51.399 [JavaFX Application Thread] DEBUG PrimaryStageWindow   - Scaled size: 1000.0 x 563.0
11:16:51.400 [JavaFX Application Thread] DEBUG PrimaryStageWindow   - Scaled ratio: (1.0, 1.0)
11:16:51.401 [JavaFX Application Thread] DEBUG PrimaryStageWindow   - Scene size: 1000.0 x 563.0
11:16:51.402 [JavaFX Application Thread] DEBUG PrimaryStageWindow   - Stage size: 1001.0 x 577.5
11:16:51.429 [FXGL Background Thread 1 ] DEBUG Engine               - Initializing environment variables
11:16:51.590 [FXGL Background Thread 1 ] DEBUG FXGLAssetLoaderServi - User app class for loading assets: class com.example.renewables.RenewablesGame
11:16:51.590 [FXGL Background Thread 1 ] DEBUG GameApplicationServi - Applying CSS: fxgl_dark.css
11:16:51.593 [FXGL Background Thread 1 ] DEBUG FXGLAssetLoaderServi - Loading from file system: jar:file:///home/macnux/.m2/repository/com/github/almasb/fxgl/17/fxgl-17.jar!/fxglassets/ui/css/fxgl_dark.css
11:16:51.765 [FXGL Background Thread 1 ] DEBUG GameApplicationServi - Initializing application scenes
11:16:51.894 [FXGL Background Thread 1 ] DEBUG GameWorld            - Game world initialized
11:16:52.032 [FXGL Background Thread 1 ] DEBUG PhysicsWorld         - Physics world initialized: appHeight=563, physics.ppm=50.0
11:16:52.033 [FXGL Background Thread 1 ] DEBUG PhysicsWorld         - Using strategy: BRUTE_FORCE
11:16:52.044 [FXGL Background Thread 1 ] DEBUG GameScene            - Game scene initialized: 1000x563
11:16:52.067 [FXGL Background Thread 1 ] WARN  FXGL.DefaultMenu     - FXGLDefaultMenu is not designed for resolutions < 800x600
11:16:52.067 [FXGL Background Thread 1 ] DEBUG FXGL.DefaultMenu     - createMenuBodyMainMenu()
11:16:52.096 [FXGL Background Thread 1 ] DEBUG FXGL.DefaultMenu     - createOptionsMenu()
11:16:52.117 [FXGL Background Thread 1 ] DEBUG FXGLAssetLoaderServi - Loading from file system: jar:file:///home/macnux/.m2/repository/com/github/almasb/fxgl/17/fxgl-17.jar!/fxglassets/textures/particles/smoke.png
11:16:52.306 [FXGL Background Thread 1 ] DEBUG FXGLAssetLoaderServi - Loading from file system: jar:file:///home/macnux/.m2/repository/com/github/almasb/fxgl/17/fxgl-17.jar!/fxglassets/textures/particles/trace_horizontal.png
11:16:52.347 [FXGL Background Thread 1 ] WARN  FXGL.DefaultMenu     - FXGLDefaultMenu is not designed for resolutions < 800x600
11:16:52.347 [FXGL Background Thread 1 ] DEBUG FXGL.DefaultMenu     - createMenuBodyGameMenu()
11:16:52.350 [FXGL Background Thread 1 ] DEBUG FXGL.DefaultMenu     - createOptionsMenu()
11:16:52.410 [FXGL Background Thread 1 ] DEBUG GameApplicationServi - Application scenes initialized
11:16:52.459 [FXGL Background Thread 1 ] DEBUG SystemBundleService  - Loading FXGL system data
11:16:52.475 [FXGL Background Thread 1 ] DEBUG FileSystemAccess     - Reading from: /home/macnux/studium/ooad/renewables/system/fxgl.bundle
11:16:52.487 [FXGL Background Thread 1 ] DEBUG SystemBundleService  - Bundle FXGL: {}
11:16:52.487 [FXGL Background Thread 1 ] DEBUG UpdaterService       - Checking for updates
11:16:52.512 [FXGL Background Thread 1 ] DEBUG FXGLApplication      - Loading default localization
11:16:52.513 [FXGL Background Thread 1 ] DEBUG FXGLAssetLoaderServi - Loading from file system: jar:file:///home/macnux/.m2/repository/com/github/almasb/fxgl/17/fxgl-17.jar!/fxglassets/languages/english.lang
11:16:52.522 [FXGL Background Thread 4 ] DEBUG FXGLApplication      - Loading fonts
11:16:52.523 [FXGL Background Thread 4 ] DEBUG FXGLAssetLoaderServi - Loading from file system: jar:file:///home/macnux/.m2/repository/com/github/almasb/fxgl/17/fxgl-17.jar!/fxglassets/ui/fonts/VarelaRound-Regular.ttf
11:16:52.556 [FXGL Background Thread 4 ] DEBUG FXGLAssetLoaderServi - Loading from file system: jar:file:///home/macnux/.m2/repository/com/github/almasb/fxgl/17/fxgl-17.jar!/fxglassets/ui/fonts/Abel-Regular.ttf
11:16:52.568 [FXGL Background Thread 4 ] DEBUG FXGLAssetLoaderServi - Loading from file system: jar:file:///home/macnux/.m2/repository/com/github/almasb/fxgl/17/fxgl-17.jar!/fxglassets/ui/fonts/TerminalLandMono-Regular.otf
11:16:52.570 [FXGL Background Thread 4 ] DEBUG FXGLAssetLoaderServi - Loading from file system: jar:file:///home/macnux/.m2/repository/com/github/almasb/fxgl/17/fxgl-17.jar!/fxglassets/ui/fonts/Courier-Prime.ttf
11:16:52.572 [FXGL Background Thread 1 ] INFO  FXGLApplication      - FXGL initialization took: 1.143 sec
11:16:52.574 [JavaFX Application Thread] DEBUG FXGLAssetLoaderServi - Loading from file system: jar:file:///home/macnux/.m2/repository/com/github/almasb/fxgl/17/fxgl-17.jar!/fxglassets/textures/fxgl_icon.png
11:16:52.645 [JavaFX Application Thread] DEBUG FXGLAssetLoaderServi - Loading from file system: jar:file:///home/macnux/.m2/repository/com/github/almasb/fxgl/17/fxgl-17.jar!/fxglassets/textures/fxgl_default_cursor.png
11:16:52.670 [JavaFX Application Thread] DEBUG Input                - Registered new binding: Screenshot - CTRL+8
11:16:52.683 [JavaFX Application Thread] DEBUG Input                - Registered new binding: System info dump - CTRL+9
11:16:52.684 [JavaFX Application Thread] DEBUG Input                - Registered new binding: Restart - CTRL+R
11:16:52.695 [JavaFX Application Thread] DEBUG Input                - Registered new binding: Toggle Debug Camera - CTRL+7
11:16:52.705 [JavaFX Application Thread] DEBUG LoopRunner           - Starting loop
11:16:52.705 [JavaFX Application Thread] DEBUG LoopRunner           - Initializing JavaFX AnimationTimerLoop
11:16:52.709 [JavaFX Application Thread] DEBUG Input                - Clearing active input actions
11:16:52.728 [JavaFX Application Thread] DEBUG GameApplicationServi - Removing overlay from FXGLStartupScene and adding to FXGLMainMenuDummyScene
11:16:52.729 [JavaFX Application Thread] DEBUG PrimaryStageWindow   - FXGLStartupScene -> FXGLMainMenuDummyScene
11:16:52.729 [JavaFX Application Thread] DEBUG PrimaryStageWindow   - Push state: FXGLDefaultMenu
11:16:52.734 [JavaFX Application Thread] DEBUG Input                - Clearing active input actions
11:16:52.747 [JavaFX Application Thread] DEBUG GameApplicationServi - Removing overlay from FXGLMainMenuDummyScene and adding to FXGLDefaultMenu
11:16:52.749 [JavaFX Application Thread] DEBUG PrimaryStageWindow   - FXGLMainMenuDummyScene -> FXGLDefaultMenu
11:16:52.750 [JavaFX Application Thread] DEBUG FXGLApplication      - Registering font factories with UI factory
11:16:54.240 [FXGL Background Thread 2 ] INFO  UpdaterService       - Your current version:  17
11:16:54.240 [FXGL Background Thread 2 ] INFO  UpdaterService       - Latest stable version: 17.1
11:16:55.502 [FXGL Background Thread 3 ] DEBUG Engine               - Logging environment variables
11:16:55.505 [FXGL Background Thread 3 ] DEBUG Engine               - achievements: []
11:16:55.506 [FXGL Background Thread 3 ] DEBUG Engine               - actualHeight: 563.0
11:16:55.506 [FXGL Background Thread 3 ] DEBUG Engine               - actualHeightProperty: ReadOnlyDoubleProperty [value: 585.5]
11:16:55.506 [FXGL Background Thread 3 ] DEBUG Engine               - actualWidth: 1000.0
11:16:55.506 [FXGL Background Thread 3 ] DEBUG Engine               - actualWidthProperty: ReadOnlyDoubleProperty [value: 999.0]
11:16:55.506 [FXGL Background Thread 3 ] DEBUG Engine               - appIcon: fxgl_icon.png
11:16:55.507 [FXGL Background Thread 3 ] DEBUG Engine               - applicationMode: DEVELOPER
11:16:55.507 [FXGL Background Thread 3 ] DEBUG Engine               - cSSList: [fxgl_dark.css]
11:16:55.507 [FXGL Background Thread 3 ] DEBUG Engine               - collisionDetectionStrategy: BRUTE_FORCE
11:16:55.507 [FXGL Background Thread 3 ] DEBUG Engine               - configClass: Optional.empty
11:16:55.507 [FXGL Background Thread 3 ] DEBUG Engine               - credits: []
11:16:55.508 [FXGL Background Thread 3 ] DEBUG Engine               - defaultCursor: CursorInfo(imageName=fxgl_default_cursor.png, hotspotX=7.0, hotspotY=6.0)
11:16:55.508 [FXGL Background Thread 3 ] DEBUG Engine               - devBBoxColorProperty: ObjectProperty [value: 0xff0000ff]
11:16:55.508 [FXGL Background Thread 3 ] DEBUG Engine               - devEnableDebugCameraProperty: BooleanProperty [value: false]
11:16:55.508 [FXGL Background Thread 3 ] DEBUG Engine               - devSensorColorProperty: ObjectProperty [value: 0xffff00ff]
11:16:55.509 [FXGL Background Thread 3 ] DEBUG Engine               - devShowBBoxProperty: BooleanProperty [value: false]
11:16:55.509 [FXGL Background Thread 3 ] DEBUG Engine               - devShowPositionProperty: BooleanProperty [value: false]
11:16:55.509 [FXGL Background Thread 3 ] DEBUG Engine               - enabledMenuItems: []
11:16:55.509 [FXGL Background Thread 3 ] DEBUG Engine               - engineServices: [class com.almasb.fxgl.app.services.FXGLAssetLoaderService, class com.almasb.fxgl.app.FXGLApplication$GameApplicationService, class com.almasb.fxgl.app.services.FXGLDialogService, class com.almasb.fxgl.app.services.IOTaskExecutorService, class com.almasb.fxgl.io.FileSystemService, class com.almasb.fxgl.localization.LocalizationService, class com.almasb.fxgl.app.services.SystemBundleService, class com.almasb.fxgl.profile.SaveLoadService, class com.almasb.fxgl.ui.FXGLUIFactoryServiceProvider, class com.almasb.fxgl.ui.FXGLDialogFactoryServiceProvider, class com.almasb.fxgl.audio.AudioPlayer, class com.almasb.fxgl.notification.impl.NotificationServiceProvider, class com.almasb.fxgl.achievement.AchievementService, class com.almasb.fxgl.cutscene.CutsceneService, class com.almasb.fxgl.minigames.MiniGameService, class com.almasb.fxgl.net.NetService, class com.almasb.fxgl.app.services.UpdaterService, class com.almasb.fxgl.dev.DevService]
11:16:55.509 [FXGL Background Thread 3 ] DEBUG Engine               - fontGame: Abel-Regular.ttf
11:16:55.509 [FXGL Background Thread 3 ] DEBUG Engine               - fontMono: TerminalLandMono-Regular.otf
11:16:55.510 [FXGL Background Thread 3 ] DEBUG Engine               - fontText: Courier-Prime.ttf
11:16:55.511 [FXGL Background Thread 3 ] DEBUG Engine               - fontUI: VarelaRound-Regular.ttf
11:16:55.511 [FXGL Background Thread 3 ] DEBUG Engine               - fullScreen: BooleanProperty [value: false]
11:16:55.512 [FXGL Background Thread 3 ] DEBUG Engine               - gameDifficulty: MEDIUM
11:16:55.512 [FXGL Background Thread 3 ] DEBUG Engine               - gameDifficultyProperty: ObjectProperty [value: MEDIUM]
11:16:55.512 [FXGL Background Thread 3 ] DEBUG Engine               - globalMusicVolume: 0.5
11:16:55.512 [FXGL Background Thread 3 ] DEBUG Engine               - globalMusicVolumeProperty: DoubleProperty [value: 0.5]
11:16:55.512 [FXGL Background Thread 3 ] DEBUG Engine               - globalSoundVolume: 0.5
11:16:55.513 [FXGL Background Thread 3 ] DEBUG Engine               - globalSoundVolumeProperty: DoubleProperty [value: 0.5]
11:16:55.513 [FXGL Background Thread 3 ] DEBUG Engine               - height: 563
11:16:55.513 [FXGL Background Thread 3 ] DEBUG Engine               - is3D: false
11:16:55.513 [FXGL Background Thread 3 ] DEBUG Engine               - isAndroid: false
11:16:55.513 [FXGL Background Thread 3 ] DEBUG Engine               - isBrowser: false
11:16:55.513 [FXGL Background Thread 3 ] DEBUG Engine               - isClickFeedbackEnabled: false
11:16:55.514 [FXGL Background Thread 3 ] DEBUG Engine               - isCloseConfirmation: false
11:16:55.514 [FXGL Background Thread 3 ] DEBUG Engine               - isDesktop: true
11:16:55.514 [FXGL Background Thread 3 ] DEBUG Engine               - isDeveloperMenuEnabled: false
11:16:55.514 [FXGL Background Thread 3 ] DEBUG Engine               - isEmbedded: false
11:16:55.514 [FXGL Background Thread 3 ] DEBUG Engine               - isEntityPreloadEnabled: true
11:16:55.514 [FXGL Background Thread 3 ] DEBUG Engine               - isExperimentalTiledLargeMap: false
11:16:55.520 [FXGL Background Thread 3 ] DEBUG Engine               - isFileSystemWriteAllowed: true
11:16:55.521 [FXGL Background Thread 3 ] DEBUG Engine               - isFullScreenAllowed: false
11:16:55.521 [FXGL Background Thread 3 ] DEBUG Engine               - isFullScreenFromStart: false
11:16:55.522 [FXGL Background Thread 3 ] DEBUG Engine               - isGameMenuEnabled: true
11:16:55.523 [FXGL Background Thread 3 ] DEBUG Engine               - isIOS: false
11:16:55.525 [FXGL Background Thread 3 ] DEBUG Engine               - isIntroEnabled: false
11:16:55.530 [FXGL Background Thread 3 ] DEBUG Engine               - isLinux: true
11:16:55.534 [FXGL Background Thread 3 ] DEBUG Engine               - isMac: false
11:16:55.535 [FXGL Background Thread 3 ] DEBUG Engine               - isMainMenuEnabled: true
11:16:55.535 [FXGL Background Thread 3 ] DEBUG Engine               - isManualResizeEnabled: false
11:16:55.536 [FXGL Background Thread 3 ] DEBUG Engine               - isMobile: false
11:16:55.536 [FXGL Background Thread 3 ] DEBUG Engine               - isNative: false
11:16:55.537 [FXGL Background Thread 3 ] DEBUG Engine               - isPauseMusicWhenMinimized: true
11:16:55.538 [FXGL Background Thread 3 ] DEBUG Engine               - isPreserveResizeRatio: false
11:16:55.538 [FXGL Background Thread 3 ] DEBUG Engine               - isProfilingEnabled: false
11:16:55.544 [FXGL Background Thread 3 ] DEBUG Engine               - isScaleAffectedOnResize: true
11:16:55.545 [FXGL Background Thread 3 ] DEBUG Engine               - isSingleStep: false
11:16:55.545 [FXGL Background Thread 3 ] DEBUG Engine               - isUserProfileEnabled: false
11:16:55.545 [FXGL Background Thread 3 ] DEBUG Engine               - isWindows: false
11:16:55.545 [FXGL Background Thread 3 ] DEBUG Engine               - language: ObjectProperty [value: ENGLISH]
11:16:55.546 [FXGL Background Thread 3 ] DEBUG Engine               - menuKey: ESCAPE
11:16:55.546 [FXGL Background Thread 3 ] DEBUG Engine               - mouseSensitivity: 0.2
11:16:55.546 [FXGL Background Thread 3 ] DEBUG Engine               - notificationViewClass: class com.almasb.fxgl.notification.view.XboxNotificationView
11:16:55.546 [FXGL Background Thread 3 ] DEBUG Engine               - pixelsPerMeter: 50.0
11:16:55.546 [FXGL Background Thread 3 ] DEBUG Engine               - platform: LINUX
11:16:55.548 [FXGL Background Thread 3 ] DEBUG Engine               - prefHeightProperty: ReadOnlyDoubleProperty [value: 563.0]
11:16:55.549 [FXGL Background Thread 3 ] DEBUG Engine               - prefWidthProperty: ReadOnlyDoubleProperty [value: 1000.0]
11:16:55.549 [FXGL Background Thread 3 ] DEBUG Engine               - profileDir: profiles/
11:16:55.549 [FXGL Background Thread 3 ] DEBUG Engine               - profileName: StringProperty [value: DEFAULT]
11:16:55.552 [FXGL Background Thread 3 ] DEBUG Engine               - randomSeed: -1
11:16:55.553 [FXGL Background Thread 3 ] DEBUG Engine               - runtimeInfo: RuntimeInfo(platform=LINUX, version=17, build=31.12.2021 18.16)
11:16:55.553 [FXGL Background Thread 3 ] DEBUG Engine               - saveFileExt: sav
11:16:55.554 [FXGL Background Thread 3 ] DEBUG Engine               - scaledHeightProp$fxgl: DoubleProperty [bound, value: 585.5]
11:16:55.556 [FXGL Background Thread 3 ] DEBUG Engine               - scaledWidthProp$fxgl: DoubleProperty [bound, value: 999.0]
11:16:55.556 [FXGL Background Thread 3 ] DEBUG Engine               - sceneFactory: com.almasb.fxgl.app.scene.SceneFactory@42fd42e2
11:16:55.556 [FXGL Background Thread 3 ] DEBUG Engine               - secondsIn24h: 60
11:16:55.556 [FXGL Background Thread 3 ] DEBUG Engine               - soundMenuBack: menu/back.wav
11:16:55.556 [FXGL Background Thread 3 ] DEBUG Engine               - soundMenuPress: menu/press.wav
11:16:55.557 [FXGL Background Thread 3 ] DEBUG Engine               - soundMenuSelect: menu/select.wav
11:16:55.557 [FXGL Background Thread 3 ] DEBUG Engine               - soundNotification: core/notification.wav
11:16:55.557 [FXGL Background Thread 3 ] DEBUG Engine               - stageStyle: DECORATED
11:16:55.557 [FXGL Background Thread 3 ] DEBUG Engine               - supportedLanguages: [ENGLISH, FRENCH, GERMAN, HUNGARIAN, RUSSIAN]
11:16:55.557 [FXGL Background Thread 3 ] DEBUG Engine               - ticksPerSecond: -1
11:16:55.557 [FXGL Background Thread 3 ] DEBUG Engine               - title: Renewables Game App
11:16:55.557 [FXGL Background Thread 3 ] DEBUG Engine               - urlGithub: https://github.com/AlmasB/FXGL
11:16:55.558 [FXGL Background Thread 3 ] DEBUG Engine               - urlLeaderboard: http://fxgl-top.herokuapp.com/
11:16:55.558 [FXGL Background Thread 3 ] DEBUG Engine               - urlPOM: https://raw.githubusercontent.com/AlmasB/FXGL/release/README.md
11:16:55.558 [FXGL Background Thread 3 ] DEBUG Engine               - userAppClass: class com.example.renewables.RenewablesGame
11:16:55.558 [FXGL Background Thread 3 ] DEBUG Engine               - version: 0.0.1
11:16:55.562 [FXGL Background Thread 3 ] DEBUG Engine               - versionCheckDays: 7
11:16:55.562 [FXGL Background Thread 3 ] DEBUG Engine               - width: 1000
11:16:55.563 [FXGL Background Thread 3 ] DEBUG Engine               - Logging services
11:16:55.563 [FXGL Background Thread 3 ] DEBUG Engine               - class com.almasb.fxgl.app.services.FXGLAssetLoaderService
11:16:55.564 [FXGL Background Thread 3 ] DEBUG Engine               - class com.almasb.fxgl.app.FXGLApplication$GameApplicationService
11:16:55.564 [FXGL Background Thread 3 ] DEBUG Engine               - class com.almasb.fxgl.app.services.FXGLDialogService
11:16:55.568 [FXGL Background Thread 3 ] DEBUG Engine               - class com.almasb.fxgl.app.services.IOTaskExecutorService
11:16:55.569 [FXGL Background Thread 3 ] DEBUG Engine               - class com.almasb.fxgl.io.FileSystemService
11:16:55.569 [FXGL Background Thread 3 ] DEBUG Engine               - class com.almasb.fxgl.localization.LocalizationService
11:16:55.569 [FXGL Background Thread 3 ] DEBUG Engine               - class com.almasb.fxgl.app.services.SystemBundleService
11:16:55.569 [FXGL Background Thread 3 ] DEBUG Engine               - class com.almasb.fxgl.profile.SaveLoadService
11:16:55.569 [FXGL Background Thread 3 ] DEBUG Engine               - class com.almasb.fxgl.ui.FXGLUIFactoryServiceProvider
11:16:55.571 [FXGL Background Thread 3 ] DEBUG Engine               - class com.almasb.fxgl.ui.FXGLDialogFactoryServiceProvider
11:16:55.571 [FXGL Background Thread 3 ] DEBUG Engine               - class com.almasb.fxgl.audio.AudioPlayer
11:16:55.571 [FXGL Background Thread 3 ] DEBUG Engine               - class com.almasb.fxgl.notification.impl.NotificationServiceProvider
11:16:55.572 [FXGL Background Thread 3 ] DEBUG Engine               - class com.almasb.fxgl.achievement.AchievementService
11:16:55.573 [FXGL Background Thread 3 ] DEBUG Engine               - class com.almasb.fxgl.cutscene.CutsceneService
11:16:55.573 [FXGL Background Thread 3 ] DEBUG Engine               - class com.almasb.fxgl.minigames.MiniGameService
11:16:55.574 [FXGL Background Thread 3 ] DEBUG Engine               - class com.almasb.fxgl.net.NetService
11:16:55.574 [FXGL Background Thread 3 ] DEBUG Engine               - class com.almasb.fxgl.app.services.UpdaterService
11:16:55.574 [FXGL Background Thread 3 ] DEBUG Engine               - class com.almasb.fxgl.dev.DevService
11:18:06.261 [JavaFX Application Thread] DEBUG Menu                 - fireNewGame()
11:18:06.261 [JavaFX Application Thread] DEBUG GameApplicationServi - Starting new game
11:18:06.265 [JavaFX Application Thread] DEBUG PrimaryStageWindow   - Pop state: FXGLDefaultMenu
11:18:06.265 [JavaFX Application Thread] DEBUG Input                - Clearing active input actions
11:18:06.266 [JavaFX Application Thread] DEBUG GameApplicationServi - Removing overlay from FXGLDefaultMenu and adding to FXGLMainMenuDummyScene
11:18:06.267 [JavaFX Application Thread] DEBUG PrimaryStageWindow   - FXGLMainMenuDummyScene <- FXGLDefaultMenu
11:18:06.268 [JavaFX Application Thread] DEBUG Input                - Clearing active input actions
11:18:06.285 [JavaFX Application Thread] DEBUG GameApplicationServi - Removing overlay from FXGLMainMenuDummyScene and adding to FXGLLoadingScene
11:18:06.286 [JavaFX Application Thread] DEBUG PrimaryStageWindow   - FXGLMainMenuDummyScene -> FXGLLoadingScene
11:18:06.286 [JavaFX Application Thread] DEBUG GameApplicationServi - Clearing previous game
11:18:06.286 [JavaFX Application Thread] DEBUG GameScene            - Clearing game scene
11:18:06.286 [JavaFX Application Thread] DEBUG GameWorld            - Clearing game world
11:18:06.286 [JavaFX Application Thread] DEBUG PhysicsWorld         - Clearing physics world
11:18:06.289 [FXGL Background Thread 5 ] DEBUG FXGLApplication      - Initializing game
11:18:06.297 [FXGL Background Thread 5 ] INFO  FXGLApplication      - Game initialization took: 0.008 sec
11:18:06.337 [JavaFX Application Thread] DEBUG Input                - Clearing active input actions
11:18:06.349 [JavaFX Application Thread] DEBUG GameApplicationServi - Removing overlay from FXGLLoadingScene and adding to GameScene
11:18:06.350 [JavaFX Application Thread] DEBUG PrimaryStageWindow   - FXGLLoadingScene -> GameScene
11:18:08.416 [JavaFX Application Thread] DEBUG FXGLApplication      - Exiting FXGL
11:18:08.416 [JavaFX Application Thread] DEBUG LoopRunner           - Stopping loop
11:18:08.416 [JavaFX Application Thread] DEBUG SystemBundleService  - Saving FXGL system data
11:18:08.418 [JavaFX Application Thread] DEBUG FileSystemAccess     - Writing to: /home/macnux/studium/ooad/renewables/system/fxgl.bundle
11:18:08.421 [JavaFX Application Thread] DEBUG Async                - Shutting down background threads
11:18:08.422 [JavaFX Application Thread] DEBUG PrimaryStageWindow   - Closing main window
11:18:08.425 [JavaFX Application Thread] DEBUG Logger               - Closing Logger
