12:09:32.944 [main                     ] DEBUG Logger               - Configured Logger
12:09:32.994 [main                     ] DEBUG GameApplication      - Logging settings
Title: Renewables
Version: 0.0.1
Width: 1000
Height: 563
Fullscreen: false
Intro: false
Profiling: false
Single step:false
App Mode: DEVELOPER
Menu Key: ESCAPE
Stage Style: DECORATED
Scene Factory: class com.example.renewables.RenewablesGame$initSettings$1

12:09:33.443 [JavaFX Application Thread] DEBUG FXGLApplication      - Initializing FXGL
12:09:33.452 [JavaFX Application Thread] INFO  Engine               - FXGL-17 (31.12.2021 18.16) on LINUX (J:17.0.3 FX:17.0.1)
12:09:33.453 [JavaFX Application Thread] DEBUG Engine               - JRE Vendor Name: Private Build
12:09:33.453 [JavaFX Application Thread] DEBUG Engine               - Running on OS: Linux version 5.13.0-52-generic
12:09:33.454 [JavaFX Application Thread] DEBUG Engine               - Architecture: amd64
12:09:33.454 [JavaFX Application Thread] INFO  Engine               - Source code and latest versions at: https://github.com/AlmasB/FXGL
12:09:33.454 [JavaFX Application Thread] INFO  Engine               -       Ask questions and discuss at: https://github.com/AlmasB/FXGL/discussions
12:09:33.455 [JavaFX Application Thread] INFO  Engine               -              Join the FXGL chat at: https://gitter.im/AlmasB/FXGL
12:09:33.594 [JavaFX Application Thread] DEBUG PrimaryStageWindow   - Creating a JavaFX scene
12:09:33.750 [JavaFX Application Thread] DEBUG PrimaryStageWindow   - Target settings size: 1000.0 x 563.0
12:09:33.751 [JavaFX Application Thread] DEBUG PrimaryStageWindow   - Scaled scene size:    1000.0 x 563.0
12:09:33.752 [JavaFX Application Thread] DEBUG PrimaryStageWindow   - Scaled ratio: (1.0, 1.0)
12:09:33.753 [JavaFX Application Thread] DEBUG PrimaryStageWindow   - Set initial scene to FXGLStartupScene
12:09:33.764 [JavaFX Application Thread] DEBUG PrimaryStageWindow   - Opening main window
12:09:33.828 [JavaFX Application Thread] DEBUG PrimaryStageWindow   - Window border size: (1.0, 14.5)
12:09:33.828 [JavaFX Application Thread] DEBUG PrimaryStageWindow   - Scaled size: 1000.0 x 563.0
12:09:33.831 [JavaFX Application Thread] DEBUG PrimaryStageWindow   - Scaled ratio: (1.0, 1.0)
12:09:33.832 [JavaFX Application Thread] DEBUG PrimaryStageWindow   - Scene size: 1000.0 x 563.0
12:09:33.833 [JavaFX Application Thread] DEBUG PrimaryStageWindow   - Stage size: 1001.0 x 577.5
12:09:33.854 [FXGL Background Thread 1 ] DEBUG Engine               - Initializing environment variables
12:09:33.954 [FXGL Background Thread 1 ] DEBUG FXGLAssetLoaderServi - User app class for loading assets: class com.example.renewables.RenewablesGame
12:09:33.955 [FXGL Background Thread 1 ] DEBUG GameApplicationServi - Applying CSS: fxgl_dark.css
12:09:33.956 [FXGL Background Thread 1 ] DEBUG FXGLAssetLoaderServi - Loading from file system: jar:file:///home/macnux/.m2/repository/com/github/almasb/fxgl/17/fxgl-17.jar!/fxglassets/ui/css/fxgl_dark.css
12:09:34.112 [FXGL Background Thread 1 ] DEBUG GameApplicationServi - Initializing application scenes
12:09:34.299 [FXGL Background Thread 1 ] DEBUG GameWorld            - Game world initialized
12:09:34.381 [FXGL Background Thread 1 ] DEBUG PhysicsWorld         - Physics world initialized: appHeight=563, physics.ppm=50.0
12:09:34.382 [FXGL Background Thread 1 ] DEBUG PhysicsWorld         - Using strategy: BRUTE_FORCE
12:09:34.389 [FXGL Background Thread 1 ] DEBUG GameScene            - Game scene initialized: 1000x563
12:09:34.409 [FXGL Background Thread 1 ] WARN  FXGL.DefaultMenu     - FXGLDefaultMenu is not designed for resolutions < 800x600
12:09:34.409 [FXGL Background Thread 1 ] DEBUG FXGL.DefaultMenu     - createMenuBodyGameMenu()
12:09:34.437 [FXGL Background Thread 1 ] DEBUG FXGL.DefaultMenu     - createOptionsMenu()
12:09:34.462 [FXGL Background Thread 1 ] DEBUG FXGLAssetLoaderServi - Loading from file system: jar:file:///home/macnux/.m2/repository/com/github/almasb/fxgl/17/fxgl-17.jar!/fxglassets/textures/particles/smoke.png
12:09:34.731 [FXGL Background Thread 1 ] DEBUG FXGLAssetLoaderServi - Loading from file system: jar:file:///home/macnux/.m2/repository/com/github/almasb/fxgl/17/fxgl-17.jar!/fxglassets/textures/particles/trace_horizontal.png
12:09:34.787 [FXGL Background Thread 1 ] DEBUG GameApplicationServi - Application scenes initialized
12:09:34.808 [FXGL Background Thread 1 ] DEBUG SystemBundleService  - Loading FXGL system data
12:09:34.816 [FXGL Background Thread 1 ] DEBUG FileSystemAccess     - Reading from: /home/macnux/studium/ooad/renewables/system/fxgl.bundle
12:09:34.829 [FXGL Background Thread 1 ] DEBUG SystemBundleService  - Bundle FXGL: {}
12:09:34.829 [FXGL Background Thread 1 ] DEBUG UpdaterService       - Checking for updates
12:09:34.837 [FXGL Background Thread 1 ] DEBUG FXGLApplication      - Loading default localization
12:09:34.837 [FXGL Background Thread 1 ] DEBUG FXGLAssetLoaderServi - Loading from file system: jar:file:///home/macnux/.m2/repository/com/github/almasb/fxgl/17/fxgl-17.jar!/fxglassets/languages/english.lang
12:09:34.836 [FXGL Background Thread 4 ] DEBUG FXGLApplication      - Loading fonts
12:09:34.843 [FXGL Background Thread 4 ] DEBUG FXGLAssetLoaderServi - Loading from file system: jar:file:///home/macnux/.m2/repository/com/github/almasb/fxgl/17/fxgl-17.jar!/fxglassets/ui/fonts/VarelaRound-Regular.ttf
12:09:34.855 [FXGL Background Thread 1 ] INFO  FXGLApplication      - FXGL initialization took: 1.001 sec
12:09:34.857 [JavaFX Application Thread] DEBUG FXGLAssetLoaderServi - Loading from file system: jar:file:///home/macnux/.m2/repository/com/github/almasb/fxgl/17/fxgl-17.jar!/fxglassets/textures/fxgl_icon.png
12:09:34.864 [FXGL Background Thread 4 ] DEBUG FXGLAssetLoaderServi - Loading from file system: jar:file:///home/macnux/.m2/repository/com/github/almasb/fxgl/17/fxgl-17.jar!/fxglassets/ui/fonts/Abel-Regular.ttf
12:09:34.867 [FXGL Background Thread 4 ] DEBUG FXGLAssetLoaderServi - Loading from file system: jar:file:///home/macnux/.m2/repository/com/github/almasb/fxgl/17/fxgl-17.jar!/fxglassets/ui/fonts/TerminalLandMono-Regular.otf
12:09:34.869 [FXGL Background Thread 4 ] DEBUG FXGLAssetLoaderServi - Loading from file system: jar:file:///home/macnux/.m2/repository/com/github/almasb/fxgl/17/fxgl-17.jar!/fxglassets/ui/fonts/Courier-Prime.ttf
12:09:34.892 [JavaFX Application Thread] DEBUG FXGLAssetLoaderServi - Loading from file system: jar:file:///home/macnux/.m2/repository/com/github/almasb/fxgl/17/fxgl-17.jar!/fxglassets/textures/fxgl_default_cursor.png
12:09:34.910 [JavaFX Application Thread] DEBUG Input                - Registered new binding: Screenshot - CTRL+8
12:09:34.918 [JavaFX Application Thread] DEBUG Input                - Registered new binding: System info dump - CTRL+9
12:09:34.919 [JavaFX Application Thread] DEBUG Input                - Registered new binding: Restart - CTRL+R
12:09:34.922 [JavaFX Application Thread] DEBUG Input                - Registered new binding: Toggle Debug Camera - CTRL+7
12:09:34.925 [JavaFX Application Thread] DEBUG LoopRunner           - Starting loop
12:09:34.926 [JavaFX Application Thread] DEBUG LoopRunner           - Initializing JavaFX AnimationTimerLoop
12:09:34.929 [JavaFX Application Thread] DEBUG Input                - Clearing active input actions
12:09:34.943 [JavaFX Application Thread] DEBUG GameApplicationServi - Removing overlay from FXGLStartupScene and adding to FXGLMainMenuDummyScene
12:09:34.945 [JavaFX Application Thread] DEBUG PrimaryStageWindow   - FXGLStartupScene -> FXGLMainMenuDummyScene
12:09:34.945 [JavaFX Application Thread] DEBUG PrimaryStageWindow   - Push state: RenewablesMainMenu
12:09:34.945 [JavaFX Application Thread] DEBUG Input                - Clearing active input actions
12:09:34.948 [JavaFX Application Thread] DEBUG GameApplicationServi - Removing overlay from FXGLMainMenuDummyScene and adding to RenewablesMainMenu
12:09:34.967 [JavaFX Application Thread] DEBUG PrimaryStageWindow   - FXGLMainMenuDummyScene -> RenewablesMainMenu
12:09:34.967 [JavaFX Application Thread] DEBUG FXGLApplication      - Registering font factories with UI factory
12:09:36.217 [FXGL Background Thread 2 ] INFO  UpdaterService       - Your current version:  17
12:09:36.218 [FXGL Background Thread 2 ] INFO  UpdaterService       - Latest stable version: 17.1
12:09:37.834 [FXGL Background Thread 3 ] DEBUG Engine               - Logging environment variables
12:09:37.836 [FXGL Background Thread 3 ] DEBUG Engine               - achievements: []
12:09:37.837 [FXGL Background Thread 3 ] DEBUG Engine               - actualHeight: 585.5
12:09:37.837 [FXGL Background Thread 3 ] DEBUG Engine               - actualHeightProperty: ReadOnlyDoubleProperty [value: 585.5]
12:09:37.838 [FXGL Background Thread 3 ] DEBUG Engine               - actualWidth: 999.0
12:09:37.838 [FXGL Background Thread 3 ] DEBUG Engine               - actualWidthProperty: ReadOnlyDoubleProperty [value: 999.0]
12:09:37.839 [FXGL Background Thread 3 ] DEBUG Engine               - appIcon: fxgl_icon.png
12:09:37.839 [FXGL Background Thread 3 ] DEBUG Engine               - applicationMode: DEVELOPER
12:09:37.840 [FXGL Background Thread 3 ] DEBUG Engine               - cSSList: [fxgl_dark.css]
12:09:37.840 [FXGL Background Thread 3 ] DEBUG Engine               - collisionDetectionStrategy: BRUTE_FORCE
12:09:37.841 [FXGL Background Thread 3 ] DEBUG Engine               - configClass: Optional.empty
12:09:37.841 [FXGL Background Thread 3 ] DEBUG Engine               - credits: []
12:09:37.842 [FXGL Background Thread 3 ] DEBUG Engine               - defaultCursor: CursorInfo(imageName=fxgl_default_cursor.png, hotspotX=7.0, hotspotY=6.0)
12:09:37.843 [FXGL Background Thread 3 ] DEBUG Engine               - devBBoxColorProperty: ObjectProperty [value: 0xff0000ff]
12:09:37.843 [FXGL Background Thread 3 ] DEBUG Engine               - devEnableDebugCameraProperty: BooleanProperty [value: false]
12:09:37.843 [FXGL Background Thread 3 ] DEBUG Engine               - devSensorColorProperty: ObjectProperty [value: 0xffff00ff]
12:09:37.844 [FXGL Background Thread 3 ] DEBUG Engine               - devShowBBoxProperty: BooleanProperty [value: false]
12:09:37.844 [FXGL Background Thread 3 ] DEBUG Engine               - devShowPositionProperty: BooleanProperty [value: false]
12:09:37.844 [FXGL Background Thread 3 ] DEBUG Engine               - enabledMenuItems: []
12:09:37.845 [FXGL Background Thread 3 ] DEBUG Engine               - engineServices: [class com.almasb.fxgl.app.services.FXGLAssetLoaderService, class com.almasb.fxgl.app.FXGLApplication$GameApplicationService, class com.almasb.fxgl.app.services.FXGLDialogService, class com.almasb.fxgl.app.services.IOTaskExecutorService, class com.almasb.fxgl.io.FileSystemService, class com.almasb.fxgl.localization.LocalizationService, class com.almasb.fxgl.app.services.SystemBundleService, class com.almasb.fxgl.profile.SaveLoadService, class com.almasb.fxgl.ui.FXGLUIFactoryServiceProvider, class com.almasb.fxgl.ui.FXGLDialogFactoryServiceProvider, class com.almasb.fxgl.audio.AudioPlayer, class com.almasb.fxgl.notification.impl.NotificationServiceProvider, class com.almasb.fxgl.achievement.AchievementService, class com.almasb.fxgl.cutscene.CutsceneService, class com.almasb.fxgl.minigames.MiniGameService, class com.almasb.fxgl.net.NetService, class com.almasb.fxgl.app.services.UpdaterService, class com.almasb.fxgl.dev.DevService]
12:09:37.845 [FXGL Background Thread 3 ] DEBUG Engine               - fontGame: Abel-Regular.ttf
12:09:37.845 [FXGL Background Thread 3 ] DEBUG Engine               - fontMono: TerminalLandMono-Regular.otf
12:09:37.845 [FXGL Background Thread 3 ] DEBUG Engine               - fontText: Courier-Prime.ttf
12:09:37.846 [FXGL Background Thread 3 ] DEBUG Engine               - fontUI: VarelaRound-Regular.ttf
12:09:37.846 [FXGL Background Thread 3 ] DEBUG Engine               - fullScreen: BooleanProperty [value: false]
12:09:37.846 [FXGL Background Thread 3 ] DEBUG Engine               - gameDifficulty: MEDIUM
12:09:37.847 [FXGL Background Thread 3 ] DEBUG Engine               - gameDifficultyProperty: ObjectProperty [value: MEDIUM]
12:09:37.847 [FXGL Background Thread 3 ] DEBUG Engine               - globalMusicVolume: 0.5
12:09:37.847 [FXGL Background Thread 3 ] DEBUG Engine               - globalMusicVolumeProperty: DoubleProperty [value: 0.5]
12:09:37.847 [FXGL Background Thread 3 ] DEBUG Engine               - globalSoundVolume: 0.5
12:09:37.847 [FXGL Background Thread 3 ] DEBUG Engine               - globalSoundVolumeProperty: DoubleProperty [value: 0.5]
12:09:37.848 [FXGL Background Thread 3 ] DEBUG Engine               - height: 563
12:09:37.848 [FXGL Background Thread 3 ] DEBUG Engine               - is3D: false
12:09:37.848 [FXGL Background Thread 3 ] DEBUG Engine               - isAndroid: false
12:09:37.848 [FXGL Background Thread 3 ] DEBUG Engine               - isBrowser: false
12:09:37.848 [FXGL Background Thread 3 ] DEBUG Engine               - isClickFeedbackEnabled: false
12:09:37.848 [FXGL Background Thread 3 ] DEBUG Engine               - isCloseConfirmation: false
12:09:37.848 [FXGL Background Thread 3 ] DEBUG Engine               - isDesktop: true
12:09:37.849 [FXGL Background Thread 3 ] DEBUG Engine               - isDeveloperMenuEnabled: false
12:09:37.849 [FXGL Background Thread 3 ] DEBUG Engine               - isEmbedded: false
12:09:37.849 [FXGL Background Thread 3 ] DEBUG Engine               - isEntityPreloadEnabled: true
12:09:37.849 [FXGL Background Thread 3 ] DEBUG Engine               - isExperimentalTiledLargeMap: false
12:09:37.849 [FXGL Background Thread 3 ] DEBUG Engine               - isFileSystemWriteAllowed: true
12:09:37.849 [FXGL Background Thread 3 ] DEBUG Engine               - isFullScreenAllowed: false
12:09:37.850 [FXGL Background Thread 3 ] DEBUG Engine               - isFullScreenFromStart: false
12:09:37.850 [FXGL Background Thread 3 ] DEBUG Engine               - isGameMenuEnabled: true
12:09:37.850 [FXGL Background Thread 3 ] DEBUG Engine               - isIOS: false
12:09:37.850 [FXGL Background Thread 3 ] DEBUG Engine               - isIntroEnabled: false
12:09:37.850 [FXGL Background Thread 3 ] DEBUG Engine               - isLinux: true
12:09:37.850 [FXGL Background Thread 3 ] DEBUG Engine               - isMac: false
12:09:37.850 [FXGL Background Thread 3 ] DEBUG Engine               - isMainMenuEnabled: true
12:09:37.851 [FXGL Background Thread 3 ] DEBUG Engine               - isManualResizeEnabled: false
12:09:37.851 [FXGL Background Thread 3 ] DEBUG Engine               - isMobile: false
12:09:37.851 [FXGL Background Thread 3 ] DEBUG Engine               - isNative: false
12:09:37.851 [FXGL Background Thread 3 ] DEBUG Engine               - isPauseMusicWhenMinimized: true
12:09:37.851 [FXGL Background Thread 3 ] DEBUG Engine               - isPreserveResizeRatio: false
12:09:37.851 [FXGL Background Thread 3 ] DEBUG Engine               - isProfilingEnabled: false
12:09:37.851 [FXGL Background Thread 3 ] DEBUG Engine               - isScaleAffectedOnResize: true
12:09:37.852 [FXGL Background Thread 3 ] DEBUG Engine               - isSingleStep: false
12:09:37.852 [FXGL Background Thread 3 ] DEBUG Engine               - isUserProfileEnabled: false
12:09:37.852 [FXGL Background Thread 3 ] DEBUG Engine               - isWindows: false
12:09:37.852 [FXGL Background Thread 3 ] DEBUG Engine               - language: ObjectProperty [value: ENGLISH]
12:09:37.852 [FXGL Background Thread 3 ] DEBUG Engine               - menuKey: ESCAPE
12:09:37.852 [FXGL Background Thread 3 ] DEBUG Engine               - mouseSensitivity: 0.2
12:09:37.853 [FXGL Background Thread 3 ] DEBUG Engine               - notificationViewClass: class com.almasb.fxgl.notification.view.XboxNotificationView
12:09:37.853 [FXGL Background Thread 3 ] DEBUG Engine               - pixelsPerMeter: 50.0
12:09:37.853 [FXGL Background Thread 3 ] DEBUG Engine               - platform: LINUX
12:09:37.853 [FXGL Background Thread 3 ] DEBUG Engine               - prefHeightProperty: ReadOnlyDoubleProperty [value: 563.0]
12:09:37.853 [FXGL Background Thread 3 ] DEBUG Engine               - prefWidthProperty: ReadOnlyDoubleProperty [value: 1000.0]
12:09:37.853 [FXGL Background Thread 3 ] DEBUG Engine               - profileDir: profiles/
12:09:37.854 [FXGL Background Thread 3 ] DEBUG Engine               - profileName: StringProperty [value: DEFAULT]
12:09:37.854 [FXGL Background Thread 3 ] DEBUG Engine               - randomSeed: -1
12:09:37.855 [FXGL Background Thread 3 ] DEBUG Engine               - runtimeInfo: RuntimeInfo(platform=LINUX, version=17, build=31.12.2021 18.16)
12:09:37.855 [FXGL Background Thread 3 ] DEBUG Engine               - saveFileExt: sav
12:09:37.855 [FXGL Background Thread 3 ] DEBUG Engine               - scaledHeightProp$fxgl: DoubleProperty [bound, value: 585.5]
12:09:37.856 [FXGL Background Thread 3 ] DEBUG Engine               - scaledWidthProp$fxgl: DoubleProperty [bound, value: 999.0]
12:09:37.856 [FXGL Background Thread 3 ] DEBUG Engine               - sceneFactory: com.example.renewables.RenewablesGame$initSettings$1@ade86cf
12:09:37.856 [FXGL Background Thread 3 ] DEBUG Engine               - secondsIn24h: 60
12:09:37.856 [FXGL Background Thread 3 ] DEBUG Engine               - soundMenuBack: menu/back.wav
12:09:37.856 [FXGL Background Thread 3 ] DEBUG Engine               - soundMenuPress: menu/press.wav
12:09:37.856 [FXGL Background Thread 3 ] DEBUG Engine               - soundMenuSelect: menu/select.wav
12:09:37.856 [FXGL Background Thread 3 ] DEBUG Engine               - soundNotification: core/notification.wav
12:09:37.857 [FXGL Background Thread 3 ] DEBUG Engine               - stageStyle: DECORATED
12:09:37.857 [FXGL Background Thread 3 ] DEBUG Engine               - supportedLanguages: [ENGLISH, FRENCH, GERMAN, HUNGARIAN, RUSSIAN]
12:09:37.857 [FXGL Background Thread 3 ] DEBUG Engine               - ticksPerSecond: -1
12:09:37.857 [FXGL Background Thread 3 ] DEBUG Engine               - title: Renewables
12:09:37.857 [FXGL Background Thread 3 ] DEBUG Engine               - urlGithub: https://github.com/AlmasB/FXGL
12:09:37.857 [FXGL Background Thread 3 ] DEBUG Engine               - urlLeaderboard: http://fxgl-top.herokuapp.com/
12:09:37.857 [FXGL Background Thread 3 ] DEBUG Engine               - urlPOM: https://raw.githubusercontent.com/AlmasB/FXGL/release/README.md
12:09:37.857 [FXGL Background Thread 3 ] DEBUG Engine               - userAppClass: class com.example.renewables.RenewablesGame
12:09:37.858 [FXGL Background Thread 3 ] DEBUG Engine               - version: 0.0.1
12:09:37.858 [FXGL Background Thread 3 ] DEBUG Engine               - versionCheckDays: 7
12:09:37.858 [FXGL Background Thread 3 ] DEBUG Engine               - width: 1000
12:09:37.858 [FXGL Background Thread 3 ] DEBUG Engine               - Logging services
12:09:37.858 [FXGL Background Thread 3 ] DEBUG Engine               - class com.almasb.fxgl.app.services.FXGLAssetLoaderService
12:09:37.858 [FXGL Background Thread 3 ] DEBUG Engine               - class com.almasb.fxgl.app.FXGLApplication$GameApplicationService
12:09:37.858 [FXGL Background Thread 3 ] DEBUG Engine               - class com.almasb.fxgl.app.services.FXGLDialogService
12:09:37.859 [FXGL Background Thread 3 ] DEBUG Engine               - class com.almasb.fxgl.app.services.IOTaskExecutorService
12:09:37.859 [FXGL Background Thread 3 ] DEBUG Engine               - class com.almasb.fxgl.io.FileSystemService
12:09:37.859 [FXGL Background Thread 3 ] DEBUG Engine               - class com.almasb.fxgl.localization.LocalizationService
12:09:37.859 [FXGL Background Thread 3 ] DEBUG Engine               - class com.almasb.fxgl.app.services.SystemBundleService
12:09:37.859 [FXGL Background Thread 3 ] DEBUG Engine               - class com.almasb.fxgl.profile.SaveLoadService
12:09:37.859 [FXGL Background Thread 3 ] DEBUG Engine               - class com.almasb.fxgl.ui.FXGLUIFactoryServiceProvider
12:09:37.859 [FXGL Background Thread 3 ] DEBUG Engine               - class com.almasb.fxgl.ui.FXGLDialogFactoryServiceProvider
12:09:37.859 [FXGL Background Thread 3 ] DEBUG Engine               - class com.almasb.fxgl.audio.AudioPlayer
12:09:37.860 [FXGL Background Thread 3 ] DEBUG Engine               - class com.almasb.fxgl.notification.impl.NotificationServiceProvider
12:09:37.860 [FXGL Background Thread 3 ] DEBUG Engine               - class com.almasb.fxgl.achievement.AchievementService
12:09:37.860 [FXGL Background Thread 3 ] DEBUG Engine               - class com.almasb.fxgl.cutscene.CutsceneService
12:09:37.860 [FXGL Background Thread 3 ] DEBUG Engine               - class com.almasb.fxgl.minigames.MiniGameService
12:09:37.860 [FXGL Background Thread 3 ] DEBUG Engine               - class com.almasb.fxgl.net.NetService
12:09:37.860 [FXGL Background Thread 3 ] DEBUG Engine               - class com.almasb.fxgl.app.services.UpdaterService
12:09:37.860 [FXGL Background Thread 3 ] DEBUG Engine               - class com.almasb.fxgl.dev.DevService
12:11:52.383 [JavaFX Application Thread] DEBUG FXGLApplication      - Exiting FXGL
12:11:52.383 [JavaFX Application Thread] DEBUG LoopRunner           - Stopping loop
12:11:52.383 [JavaFX Application Thread] DEBUG SystemBundleService  - Saving FXGL system data
12:11:52.385 [JavaFX Application Thread] DEBUG FileSystemAccess     - Writing to: /home/macnux/studium/ooad/renewables/system/fxgl.bundle
12:11:52.388 [JavaFX Application Thread] DEBUG Async                - Shutting down background threads
12:11:52.388 [JavaFX Application Thread] DEBUG PrimaryStageWindow   - Closing main window
12:11:52.391 [JavaFX Application Thread] DEBUG Logger               - Closing Logger
